[backblue.gif]
[fade.gif]
[index.html]
[jinyongxiaoshuo.com/css/img/favico.ico]
[jinyongxiaoshuo.com/css/img/jinyong.jpg]
[jinyongxiaoshuo.com/sitemap.xml]
[bdimg.share.baidu.com/static/js/addtocite_shella18a.js]
[bdimg.share.baidu.com/static/api/js/share6e53.js]
[jinyongxiaoshuo.com/index.html]
[jinyongxiaoshuo.com/css/img/textured_paper.png]
[libs.baidu.com/jquery/1.9.0/jquery.js]
[jinyongxiaoshuo.com/css/img/boxtopbg2.png]
[jinyongxiaoshuo.com/css/img/red_ico.gif]
[jinyongxiaoshuo.com/css/img/zhichi.gif]
[jinyongxiaoshuo.com/css/img/scrolltotop.png]
[jinyongxiaoshuo.com/css/style.css]
[jinyongxiaoshuo.com/css/mobile.css]
[jinyongxiaoshuo.com/js/user.js]
[jinyongxiaoshuo.com/jiuban/index.html]
[jinyongxiaoshuo.com/xiuding/index.html]
[jinyongxiaoshuo.com/xinxiu/index.html]
[jinyongxiaoshuo.com/css/img/shujianenchoulu.jpg]
[jinyongxiaoshuo.com/shujianenchoulu/index.html]
[jinyongxiaoshuo.com/css/img/yuenvjian.jpg]
[jinyongxiaoshuo.com/yuenvjian/index.html]
[jinyongxiaoshuo.com/css/img/ludingji.jpg]
[jinyongxiaoshuo.com/ludingji/index.html]
[jinyongxiaoshuo.com/css/img/feihuwaizhuan.jpg]
[jinyongxiaoshuo.com/feihuwaizhuan/index.html]
[jinyongxiaoshuo.com/css/img/xueshanfeihu.jpg]
[jinyongxiaoshuo.com/xueshanfeihu/index.html]
[jinyongxiaoshuo.com/css/img/lianchengjue.jpg]
[jinyongxiaoshuo.com/lianchengjue/index.html]
[jinyongxiaoshuo.com/css/img/tianlongbabu.jpg]
[jinyongxiaoshuo.com/tianlongbabu/index.html]
[jinyongxiaoshuo.com/css/img/shediaoyingxiongzhuan.jpg]
[jinyongxiaoshuo.com/shediaoyingxiongzhuan/index.html]
[jinyongxiaoshuo.com/css/img/baimaxiaoxifeng.jpg]
[jinyongxiaoshuo.com/baimaxiaoxifeng/index.html]
[jinyongxiaoshuo.com/css/img/xiaoaojianghu.jpg]
[jinyongxiaoshuo.com/xiaoaojianghu/index.html]
[jinyongxiaoshuo.com/css/img/shendiaoxialv.jpg]
[jinyongxiaoshuo.com/shendiaoxialv/index.html]
[jinyongxiaoshuo.com/css/img/xiakexing.jpg]
[jinyongxiaoshuo.com/xiakexing/index.html]
[jinyongxiaoshuo.com/css/img/yitiantulongji.jpg]
[jinyongxiaoshuo.com/yitiantulongji/index.html]
[jinyongxiaoshuo.com/css/img/bixuejian.jpg]
[jinyongxiaoshuo.com/bixuejian/index.html]
[jinyongxiaoshuo.com/css/img/yuanyangdao.jpg]
[jinyongxiaoshuo.com/yuanyangdao/index.html]
[jinyongxiaoshuo.com/js/ad01.js]
[jinyongxiaoshuo.com/js/RD01.js]
[jinyongxiaoshuo.com/js/RD02.js]
[jinyongxiaoshuo.com/images/jinyongxiaoshuoduilian.jpg]
[jinyongxiaoshuo.com/images/jinyongxiaoshuoshunxushunkouliu.png]
[jinyongxiaoshuo.com/images/jinyong.jpg]
[bdimg.share.baidu.com/static/js/like_shella18a.js]
[jinyongxiaoshuo.com/jinyongxiaoshuoshunxushunkouliu.html]
[jinyongxiaoshuo.com/images/kuihuabaodian.jpg]
[jinyongxiaoshuo.com/jinyongxiaoshuowugongpaiming.html]
[jinyongxiaoshuo.com/images/jinyongzuopinji.jpg]
[jinyongxiaoshuo.com/images/xia.jpg]
[jinyongxiaoshuo.com/images/fei.jpg]
[jinyongxiaoshuo.com/images/lian.jpg]
[jinyongxiaoshuo.com/images/yi.jpg]
[jinyongxiaoshuo.com/images/she.jpg]
[jinyongxiaoshuo.com/images/xue.jpg]
[jinyongxiaoshuo.com/images/lu.jpg]
[jinyongxiaoshuo.com/images/tian.jpg]
[jinyongxiaoshuo.com/images/xiao.jpg]
[jinyongxiaoshuo.com/jinyongxiaoshuopaiming.html]
[js.users.51.la/f.txt]
[jinyongxiaoshuo.com/js/tongji.js]
[jinyongxiaoshuo.com/js/wp-embed.minc1f9.js]
[libs.baidu.com/jquery/1.9.0/jquery.js]
[jinyongxiaoshuo.com/css/src/grid.html]
[jinyongxiaoshuo.com/css/img/old_shujianenchoulu.jpg]
[hm.baidu.com/hma056.js]
[jinyongxiaoshuo.com/old_shujianenchoulu/index.html]
[jinyongxiaoshuo.com/css/img/old_bixuejian.jpg]
[jinyongxiaoshuo.com/old_bixuejian/index.html]
[jinyongxiaoshuo.com/css/img/old_shediaoyingxiongzhuan.jpg]
[jinyongxiaoshuo.com/old_shediaoyingxiongzhuan/index.html]
[jinyongxiaoshuo.com/css/img/old_xueshanfeihu.jpg]
[jinyongxiaoshuo.com/old_xueshanfeihu/index.html]
[jinyongxiaoshuo.com/css/img/old_shendiaoxialv.jpg]
[jinyongxiaoshuo.com/old_shendiaoxialv/index.html]
[jinyongxiaoshuo.com/css/img/old_feihuwaizhuan.jpg]
[jinyongxiaoshuo.com/old_feihuwaizhuan/index.html]
[jinyongxiaoshuo.com/css/img/old_yuanyangdao.jpg]
[jinyongxiaoshuo.com/old_yuanyangdao/index.html]
[jinyongxiaoshuo.com/css/img/old_yitiantulongji.jpg]
[jinyongxiaoshuo.com/old_yitiantulongji/index.html]
[jinyongxiaoshuo.com/css/img/old_baimaxiaoxifeng.jpg]
[jinyongxiaoshuo.com/old_baimaxiaoxifeng/index.html]
[jinyongxiaoshuo.com/css/img/old_lianchengjue.jpg]
[jinyongxiaoshuo.com/old_lianchengjue/index.html]
[jinyongxiaoshuo.com/css/img/old_tianlongbabu.jpg]
[jinyongxiaoshuo.com/old_tianlongbabu/index.html]
[jinyongxiaoshuo.com/css/img/old_xiakexing.jpg]
[jinyongxiaoshuo.com/old_xiakexing/index.html]
[jinyongxiaoshuo.com/css/img/old_xiaoaojianghu.jpg]
[jinyongxiaoshuo.com/old_xiaoaojianghu/index.html]
[jinyongxiaoshuo.com/css/img/old_ludingji.jpg]
[jinyongxiaoshuo.com/old_ludingji/index.html]
[jinyongxiaoshuo.com/css/img/old_yuenvjian.jpg]
[jinyongxiaoshuo.com/old_yuenvjian/index.html]
[jinyongxiaoshuo.com/js/XF03.js]
[jinyongxiaoshuo.com/js/app.js]
[jinyongxiaoshuo.com/css/img/new_shujianenchoulu.jpg]
[jinyongxiaoshuo.com/new_shujianenchoulu/index.html]
[jinyongxiaoshuo.com/css/img/new_bixuejian.jpg]
[jinyongxiaoshuo.com/new_bixuejian/index.html]
[jinyongxiaoshuo.com/css/img/new_shediaoyingxiongzhuan.jpg]
[jinyongxiaoshuo.com/new_shediaoyingxiongzhuan/index.html]
[jinyongxiaoshuo.com/css/img/new_xueshanfeihu.jpg]
[jinyongxiaoshuo.com/new_xueshanfeihu/index.html]
[jinyongxiaoshuo.com/css/img/new_shendiaoxialv.jpg]
[jinyongxiaoshuo.com/new_shendiaoxialv/index.html]
[jinyongxiaoshuo.com/css/img/new_feihuwaizhuan.jpg]
[jinyongxiaoshuo.com/new_feihuwaizhuan/index.html]
[jinyongxiaoshuo.com/css/img/new_yuanyangdao.jpg]
[jinyongxiaoshuo.com/new_yuanyangdao/index.html]
[jinyongxiaoshuo.com/css/img/new_yitiantulongji.jpg]
[jinyongxiaoshuo.com/new_yitiantulongji/index.html]
[jinyongxiaoshuo.com/css/img/new_baimaxiaoxifeng.jpg]
[jinyongxiaoshuo.com/new_baimaxiaoxifeng/index.html]
[jinyongxiaoshuo.com/css/img/new_lianchengjue.jpg]
[jinyongxiaoshuo.com/new_lianchengjue/index.html]
[jinyongxiaoshuo.com/css/img/new_tianlongbabu.jpg]
[jinyongxiaoshuo.com/new_tianlongbabu/index.html]
[jinyongxiaoshuo.com/css/img/new_xiakexing.jpg]
[jinyongxiaoshuo.com/new_xiakexing/index.html]
[jinyongxiaoshuo.com/css/img/new_xiaoaojianghu.jpg]
[jinyongxiaoshuo.com/new_xiaoaojianghu/index.html]
[jinyongxiaoshuo.com/css/img/new_ludingji.jpg]
[jinyongxiaoshuo.com/new_ludingji/index.html]
[jinyongxiaoshuo.com/css/img/new_yuenvjian.jpg]
[jinyongxiaoshuo.com/new_yuenvjian/index.html]
[jinyongxiaoshuo.com/css/style2.css]
[jinyongxiaoshuo.com/shujianenchoulu/373.html]
[jinyongxiaoshuo.com/shujianenchoulu/372.html]
[jinyongxiaoshuo.com/shujianenchoulu/371.html]
[jinyongxiaoshuo.com/shujianenchoulu/370.html]
[jinyongxiaoshuo.com/shujianenchoulu/369.html]
[jinyongxiaoshuo.com/shujianenchoulu/368.html]
[jinyongxiaoshuo.com/shujianenchoulu/367.html]
[jinyongxiaoshuo.com/shujianenchoulu/366.html]
[jinyongxiaoshuo.com/shujianenchoulu/365.html]
[jinyongxiaoshuo.com/shujianenchoulu/364.html]
[jinyongxiaoshuo.com/shujianenchoulu/363.html]
[jinyongxiaoshuo.com/shujianenchoulu/362.html]
[jinyongxiaoshuo.com/shujianenchoulu/361.html]
[jinyongxiaoshuo.com/shujianenchoulu/360.html]
[jinyongxiaoshuo.com/shujianenchoulu/359.html]
[jinyongxiaoshuo.com/shujianenchoulu/358.html]
[jinyongxiaoshuo.com/shujianenchoulu/357.html]
[jinyongxiaoshuo.com/shujianenchoulu/356.html]
[jinyongxiaoshuo.com/shujianenchoulu/355.html]
[jinyongxiaoshuo.com/shujianenchoulu/354.html]
[jinyongxiaoshuo.com/shujianenchoulu/353.html]
[jinyongxiaoshuo.com/yuenvjian/166.html]
[jinyongxiaoshuo.com/ludingji/1772.html]
[jinyongxiaoshuo.com/ludingji/1771.html]
[jinyongxiaoshuo.com/ludingji/1770.html]
[jinyongxiaoshuo.com/ludingji/1769.html]
[jinyongxiaoshuo.com/ludingji/1768.html]
[jinyongxiaoshuo.com/ludingji/1767.html]
[jinyongxiaoshuo.com/ludingji/1766.html]
[jinyongxiaoshuo.com/ludingji/1765.html]
[jinyongxiaoshuo.com/ludingji/1764.html]
[jinyongxiaoshuo.com/ludingji/1763.html]
[jinyongxiaoshuo.com/ludingji/1762.html]
[jinyongxiaoshuo.com/ludingji/1761.html]
[jinyongxiaoshuo.com/ludingji/1760.html]
[jinyongxiaoshuo.com/ludingji/1759.html]
[jinyongxiaoshuo.com/ludingji/1758.html]
[jinyongxiaoshuo.com/ludingji/1757.html]
[jinyongxiaoshuo.com/ludingji/1756.html]
[jinyongxiaoshuo.com/ludingji/1755.html]
[jinyongxiaoshuo.com/ludingji/1754.html]
[jinyongxiaoshuo.com/ludingji/1753.html]
[jinyongxiaoshuo.com/ludingji/1752.html]
[jinyongxiaoshuo.com/ludingji/1751.html]
[jinyongxiaoshuo.com/ludingji/1750.html]
[jinyongxiaoshuo.com/ludingji/1749.html]
[jinyongxiaoshuo.com/ludingji/1748.html]
[jinyongxiaoshuo.com/ludingji/1747.html]
[jinyongxiaoshuo.com/ludingji/1746.html]
[jinyongxiaoshuo.com/ludingji/1745.html]
[jinyongxiaoshuo.com/ludingji/1744.html]
[jinyongxiaoshuo.com/ludingji/1743.html]
[jinyongxiaoshuo.com/ludingji/1742.html]
[jinyongxiaoshuo.com/ludingji/1741.html]
[jinyongxiaoshuo.com/ludingji/1740.html]
[jinyongxiaoshuo.com/ludingji/1739.html]
[jinyongxiaoshuo.com/ludingji/1738.html]
[jinyongxiaoshuo.com/ludingji/1737.html]
[jinyongxiaoshuo.com/ludingji/1736.html]
[jinyongxiaoshuo.com/ludingji/1735.html]
[jinyongxiaoshuo.com/ludingji/1734.html]
[jinyongxiaoshuo.com/ludingji/1733.html]
[jinyongxiaoshuo.com/ludingji/1732.html]
[jinyongxiaoshuo.com/ludingji/1731.html]
[jinyongxiaoshuo.com/ludingji/1730.html]
[jinyongxiaoshuo.com/ludingji/1729.html]
[jinyongxiaoshuo.com/ludingji/1728.html]
[jinyongxiaoshuo.com/ludingji/1727.html]
[jinyongxiaoshuo.com/ludingji/1726.html]
[jinyongxiaoshuo.com/ludingji/1725.html]
[jinyongxiaoshuo.com/ludingji/1724.html]
[jinyongxiaoshuo.com/ludingji/1723.html]
[jinyongxiaoshuo.com/ludingji/1722.html]
[jinyongxiaoshuo.com/feihuwaizhuan/720.html]
[jinyongxiaoshuo.com/feihuwaizhuan/719.html]
[jinyongxiaoshuo.com/feihuwaizhuan/718.html]
[jinyongxiaoshuo.com/feihuwaizhuan/717.html]
[jinyongxiaoshuo.com/feihuwaizhuan/716.html]
[jinyongxiaoshuo.com/feihuwaizhuan/715.html]
[jinyongxiaoshuo.com/feihuwaizhuan/714.html]
[jinyongxiaoshuo.com/feihuwaizhuan/713.html]
[jinyongxiaoshuo.com/feihuwaizhuan/712.html]
[jinyongxiaoshuo.com/feihuwaizhuan/711.html]
[jinyongxiaoshuo.com/feihuwaizhuan/710.html]
[jinyongxiaoshuo.com/feihuwaizhuan/709.html]
[jinyongxiaoshuo.com/feihuwaizhuan/708.html]
[jinyongxiaoshuo.com/feihuwaizhuan/707.html]
[jinyongxiaoshuo.com/feihuwaizhuan/706.html]
[jinyongxiaoshuo.com/feihuwaizhuan/705.html]
[jinyongxiaoshuo.com/feihuwaizhuan/704.html]
[jinyongxiaoshuo.com/feihuwaizhuan/703.html]
[jinyongxiaoshuo.com/feihuwaizhuan/702.html]
[jinyongxiaoshuo.com/feihuwaizhuan/701.html]
[jinyongxiaoshuo.com/feihuwaizhuan/700.html]
[jinyongxiaoshuo.com/xueshanfeihu/498.html]
[jinyongxiaoshuo.com/xueshanfeihu/497.html]
[jinyongxiaoshuo.com/xueshanfeihu/496.html]
[jinyongxiaoshuo.com/xueshanfeihu/495.html]
[jinyongxiaoshuo.com/xueshanfeihu/494.html]
[jinyongxiaoshuo.com/xueshanfeihu/493.html]
[jinyongxiaoshuo.com/xueshanfeihu/492.html]
[jinyongxiaoshuo.com/xueshanfeihu/491.html]
[jinyongxiaoshuo.com/xueshanfeihu/490.html]
[jinyongxiaoshuo.com/xueshanfeihu/489.html]
[jinyongxiaoshuo.com/xueshanfeihu/488.html]
[jinyongxiaoshuo.com/lianchengjue/1148.html]
[jinyongxiaoshuo.com/lianchengjue/1147.html]
[jinyongxiaoshuo.com/lianchengjue/1146.html]
[jinyongxiaoshuo.com/lianchengjue/1145.html]
[jinyongxiaoshuo.com/lianchengjue/1144.html]
[jinyongxiaoshuo.com/lianchengjue/1143.html]
[jinyongxiaoshuo.com/lianchengjue/1142.html]
[jinyongxiaoshuo.com/lianchengjue/1141.html]
[jinyongxiaoshuo.com/lianchengjue/1140.html]
[jinyongxiaoshuo.com/lianchengjue/1139.html]
[jinyongxiaoshuo.com/lianchengjue/1138.html]
[jinyongxiaoshuo.com/lianchengjue/1137.html]
[jinyongxiaoshuo.com/lianchengjue/1136.html]
[jinyongxiaoshuo.com/tianlongbabu/1438.html]
[jinyongxiaoshuo.com/tianlongbabu/1437.html]
[jinyongxiaoshuo.com/tianlongbabu/1436.html]
[jinyongxiaoshuo.com/tianlongbabu/1435.html]
[jinyongxiaoshuo.com/tianlongbabu/1434.html]
[jinyongxiaoshuo.com/tianlongbabu/1433.html]
[jinyongxiaoshuo.com/tianlongbabu/1432.html]
[jinyongxiaoshuo.com/tianlongbabu/1431.html]
[jinyongxiaoshuo.com/tianlongbabu/1430.html]
[jinyongxiaoshuo.com/tianlongbabu/1429.html]
[jinyongxiaoshuo.com/tianlongbabu/1428.html]
[jinyongxiaoshuo.com/tianlongbabu/1427.html]
[jinyongxiaoshuo.com/tianlongbabu/1426.html]
[jinyongxiaoshuo.com/tianlongbabu/1425.html]
[jinyongxiaoshuo.com/tianlongbabu/1424.html]
[jinyongxiaoshuo.com/tianlongbabu/1423.html]
[jinyongxiaoshuo.com/tianlongbabu/1422.html]
[jinyongxiaoshuo.com/tianlongbabu/1421.html]
[jinyongxiaoshuo.com/tianlongbabu/1420.html]
[jinyongxiaoshuo.com/tianlongbabu/1419.html]
[jinyongxiaoshuo.com/tianlongbabu/1418.html]
[jinyongxiaoshuo.com/tianlongbabu/1417.html]
[jinyongxiaoshuo.com/tianlongbabu/1416.html]
[jinyongxiaoshuo.com/tianlongbabu/1415.html]
[jinyongxiaoshuo.com/tianlongbabu/1414.html]
[jinyongxiaoshuo.com/tianlongbabu/1413.html]
[jinyongxiaoshuo.com/tianlongbabu/1412.html]
[jinyongxiaoshuo.com/tianlongbabu/1411.html]
[jinyongxiaoshuo.com/tianlongbabu/1410.html]
[jinyongxiaoshuo.com/tianlongbabu/1409.html]
[jinyongxiaoshuo.com/tianlongbabu/1408.html]
[jinyongxiaoshuo.com/tianlongbabu/1407.html]
[jinyongxiaoshuo.com/tianlongbabu/1406.html]
[jinyongxiaoshuo.com/tianlongbabu/1405.html]
[jinyongxiaoshuo.com/tianlongbabu/1404.html]
[jinyongxiaoshuo.com/tianlongbabu/1403.html]
[jinyongxiaoshuo.com/tianlongbabu/1402.html]
[jinyongxiaoshuo.com/tianlongbabu/1401.html]
[jinyongxiaoshuo.com/tianlongbabu/1400.html]
[jinyongxiaoshuo.com/tianlongbabu/1399.html]
[jinyongxiaoshuo.com/tianlongbabu/1398.html]
[jinyongxiaoshuo.com/tianlongbabu/1397.html]
[jinyongxiaoshuo.com/tianlongbabu/1396.html]
[jinyongxiaoshuo.com/tianlongbabu/1395.html]
[jinyongxiaoshuo.com/tianlongbabu/1394.html]
[jinyongxiaoshuo.com/tianlongbabu/1393.html]
[jinyongxiaoshuo.com/tianlongbabu/1392.html]
[jinyongxiaoshuo.com/tianlongbabu/1391.html]
[jinyongxiaoshuo.com/tianlongbabu/1390.html]
[jinyongxiaoshuo.com/tianlongbabu/1389.html]
[jinyongxiaoshuo.com/tianlongbabu/1388.html]
[jinyongxiaoshuo.com/tianlongbabu/1387.html]
[jinyongxiaoshuo.com/tianlongbabu/1386.html]
[jinyongxiaoshuo.com/shediaoyingxiongzhuan/458.html]
[jinyongxiaoshuo.com/shediaoyingxiongzhuan/457.html]
[jinyongxiaoshuo.com/shediaoyingxiongzhuan/456.html]
[jinyongxiaoshuo.com/shediaoyingxiongzhuan/455.html]
[jinyongxiaoshuo.com/shediaoyingxiongzhuan/454.html]
[jinyongxiaoshuo.com/shediaoyingxiongzhuan/453.html]
[jinyongxiaoshuo.com/shediaoyingxiongzhuan/452.html]
[jinyongxiaoshuo.com/shediaoyingxiongzhuan/451.html]
[jinyongxiaoshuo.com/shediaoyingxiongzhuan/450.html]
[jinyongxiaoshuo.com/shediaoyingxiongzhuan/449.html]
[jinyongxiaoshuo.com/shediaoyingxiongzhuan/448.html]
[jinyongxiaoshuo.com/shediaoyingxiongzhuan/447.html]
[jinyongxiaoshuo.com/shediaoyingxiongzhuan/446.html]
[jinyongxiaoshuo.com/shediaoyingxiongzhuan/445.html]
[jinyongxiaoshuo.com/shediaoyingxiongzhuan/444.html]
[jinyongxiaoshuo.com/shediaoyingxiongzhuan/443.html]
[jinyongxiaoshuo.com/shediaoyingxiongzhuan/442.html]
[jinyongxiaoshuo.com/shediaoyingxiongzhuan/441.html]
[jinyongxiaoshuo.com/shediaoyingxiongzhuan/440.html]
[jinyongxiaoshuo.com/shediaoyingxiongzhuan/439.html]
[jinyongxiaoshuo.com/shediaoyingxiongzhuan/438.html]
[jinyongxiaoshuo.com/shediaoyingxiongzhuan/437.html]
[jinyongxiaoshuo.com/shediaoyingxiongzhuan/436.html]
[jinyongxiaoshuo.com/shediaoyingxiongzhuan/435.html]
[jinyongxiaoshuo.com/shediaoyingxiongzhuan/434.html]
[jinyongxiaoshuo.com/shediaoyingxiongzhuan/433.html]
[jinyongxiaoshuo.com/shediaoyingxiongzhuan/432.html]
[jinyongxiaoshuo.com/shediaoyingxiongzhuan/431.html]
[jinyongxiaoshuo.com/shediaoyingxiongzhuan/430.html]
[jinyongxiaoshuo.com/shediaoyingxiongzhuan/429.html]
[jinyongxiaoshuo.com/shediaoyingxiongzhuan/428.html]
[jinyongxiaoshuo.com/shediaoyingxiongzhuan/427.html]
[jinyongxiaoshuo.com/shediaoyingxiongzhuan/426.html]
[jinyongxiaoshuo.com/shediaoyingxiongzhuan/425.html]
[jinyongxiaoshuo.com/shediaoyingxiongzhuan/424.html]
[jinyongxiaoshuo.com/shediaoyingxiongzhuan/423.html]
[jinyongxiaoshuo.com/shediaoyingxiongzhuan/422.html]
[jinyongxiaoshuo.com/shediaoyingxiongzhuan/421.html]
[jinyongxiaoshuo.com/shediaoyingxiongzhuan/420.html]
[jinyongxiaoshuo.com/shediaoyingxiongzhuan/419.html]
[jinyongxiaoshuo.com/shediaoyingxiongzhuan/418.html]
[jinyongxiaoshuo.com/shediaoyingxiongzhuan/417.html]
[jinyongxiaoshuo.com/shediaoyingxiongzhuan/416.html]
[jinyongxiaoshuo.com/baimaxiaoxifeng/1113.html]
[jinyongxiaoshuo.com/baimaxiaoxifeng/1112.html]
[jinyongxiaoshuo.com/baimaxiaoxifeng/1111.html]
[jinyongxiaoshuo.com/baimaxiaoxifeng/1110.html]
[jinyongxiaoshuo.com/baimaxiaoxifeng/1109.html]
[jinyongxiaoshuo.com/baimaxiaoxifeng/1108.html]
[jinyongxiaoshuo.com/baimaxiaoxifeng/1107.html]
[jinyongxiaoshuo.com/baimaxiaoxifeng/1106.html]
[jinyongxiaoshuo.com/baimaxiaoxifeng/1105.html]
[jinyongxiaoshuo.com/baimaxiaoxifeng/1104.html]
[jinyongxiaoshuo.com/xiaoaojianghu/1573.html]
[jinyongxiaoshuo.com/xiaoaojianghu/1572.html]
[jinyongxiaoshuo.com/xiaoaojianghu/1571.html]
[jinyongxiaoshuo.com/xiaoaojianghu/1570.html]
[jinyongxiaoshuo.com/xiaoaojianghu/1569.html]
[jinyongxiaoshuo.com/xiaoaojianghu/1568.html]
[jinyongxiaoshuo.com/xiaoaojianghu/1567.html]
[jinyongxiaoshuo.com/xiaoaojianghu/1566.html]
[jinyongxiaoshuo.com/xiaoaojianghu/1565.html]
[jinyongxiaoshuo.com/xiaoaojianghu/1564.html]
[jinyongxiaoshuo.com/xiaoaojianghu/1563.html]
[jinyongxiaoshuo.com/xiaoaojianghu/1562.html]
[jinyongxiaoshuo.com/xiaoaojianghu/1561.html]
[jinyongxiaoshuo.com/xiaoaojianghu/1560.html]
[jinyongxiaoshuo.com/xiaoaojianghu/1559.html]
[jinyongxiaoshuo.com/xiaoaojianghu/1558.html]
[jinyongxiaoshuo.com/xiaoaojianghu/1557.html]
[jinyongxiaoshuo.com/xiaoaojianghu/1556.html]
[jinyongxiaoshuo.com/xiaoaojianghu/1555.html]
[jinyongxiaoshuo.com/xiaoaojianghu/1554.html]
[jinyongxiaoshuo.com/xiaoaojianghu/1553.html]
[jinyongxiaoshuo.com/xiaoaojianghu/1552.html]
[jinyongxiaoshuo.com/xiaoaojianghu/1551.html]
[jinyongxiaoshuo.com/xiaoaojianghu/1550.html]
[jinyongxiaoshuo.com/xiaoaojianghu/1549.html]
[jinyongxiaoshuo.com/xiaoaojianghu/1548.html]
[jinyongxiaoshuo.com/xiaoaojianghu/1547.html]
[jinyongxiaoshuo.com/xiaoaojianghu/1546.html]
[jinyongxiaoshuo.com/xiaoaojianghu/1545.html]
[jinyongxiaoshuo.com/xiaoaojianghu/1544.html]
[jinyongxiaoshuo.com/xiaoaojianghu/1543.html]
[jinyongxiaoshuo.com/xiaoaojianghu/1542.html]
[jinyongxiaoshuo.com/xiaoaojianghu/1541.html]
[jinyongxiaoshuo.com/xiaoaojianghu/1540.html]
[jinyongxiaoshuo.com/xiaoaojianghu/1539.html]
[jinyongxiaoshuo.com/xiaoaojianghu/1538.html]
[jinyongxiaoshuo.com/xiaoaojianghu/1537.html]
[jinyongxiaoshuo.com/xiaoaojianghu/1536.html]
[jinyongxiaoshuo.com/xiaoaojianghu/1535.html]
[jinyongxiaoshuo.com/xiaoaojianghu/1534.html]
[jinyongxiaoshuo.com/xiaoaojianghu/1533.html]
[jinyongxiaoshuo.com/shendiaoxialv/657.html]
[jinyongxiaoshuo.com/shendiaoxialv/656.html]
[jinyongxiaoshuo.com/shendiaoxialv/655.html]
[jinyongxiaoshuo.com/shendiaoxialv/654.html]
[jinyongxiaoshuo.com/shendiaoxialv/653.html]
[jinyongxiaoshuo.com/shendiaoxialv/652.html]
[jinyongxiaoshuo.com/shendiaoxialv/651.html]
[jinyongxiaoshuo.com/shendiaoxialv/650.html]
[jinyongxiaoshuo.com/shendiaoxialv/649.html]
[jinyongxiaoshuo.com/shendiaoxialv/648.html]
[jinyongxiaoshuo.com/shendiaoxialv/647.html]
[jinyongxiaoshuo.com/shendiaoxialv/646.html]
[jinyongxiaoshuo.com/shendiaoxialv/645.html]
[jinyongxiaoshuo.com/shendiaoxialv/644.html]
[jinyongxiaoshuo.com/shendiaoxialv/643.html]
[jinyongxiaoshuo.com/shendiaoxialv/642.html]
[jinyongxiaoshuo.com/shendiaoxialv/641.html]
[jinyongxiaoshuo.com/shendiaoxialv/640.html]
[jinyongxiaoshuo.com/shendiaoxialv/639.html]
[jinyongxiaoshuo.com/shendiaoxialv/638.html]
[jinyongxiaoshuo.com/shendiaoxialv/637.html]
[jinyongxiaoshuo.com/shendiaoxialv/636.html]
[jinyongxiaoshuo.com/shendiaoxialv/635.html]
[jinyongxiaoshuo.com/shendiaoxialv/634.html]
[jinyongxiaoshuo.com/shendiaoxialv/633.html]
[jinyongxiaoshuo.com/shendiaoxialv/632.html]
[jinyongxiaoshuo.com/shendiaoxialv/631.html]
[jinyongxiaoshuo.com/shendiaoxialv/630.html]
[jinyongxiaoshuo.com/shendiaoxialv/629.html]
[jinyongxiaoshuo.com/shendiaoxialv/628.html]
[jinyongxiaoshuo.com/shendiaoxialv/627.html]
[jinyongxiaoshuo.com/shendiaoxialv/626.html]
[jinyongxiaoshuo.com/shendiaoxialv/625.html]
[jinyongxiaoshuo.com/shendiaoxialv/624.html]
[jinyongxiaoshuo.com/shendiaoxialv/623.html]
[jinyongxiaoshuo.com/shendiaoxialv/622.html]
[jinyongxiaoshuo.com/shendiaoxialv/621.html]
[jinyongxiaoshuo.com/shendiaoxialv/620.html]
[jinyongxiaoshuo.com/shendiaoxialv/619.html]
[jinyongxiaoshuo.com/shendiaoxialv/618.html]
[jinyongxiaoshuo.com/shendiaoxialv/617.html]
[jinyongxiaoshuo.com/xiakexing/1365.html]
[jinyongxiaoshuo.com/xiakexing/1364.html]
[jinyongxiaoshuo.com/xiakexing/1363.html]
[jinyongxiaoshuo.com/xiakexing/1362.html]
[jinyongxiaoshuo.com/xiakexing/1361.html]
[jinyongxiaoshuo.com/xiakexing/1360.html]
[jinyongxiaoshuo.com/xiakexing/1359.html]
[jinyongxiaoshuo.com/xiakexing/1358.html]
[jinyongxiaoshuo.com/xiakexing/1357.html]
[jinyongxiaoshuo.com/xiakexing/1356.html]
[jinyongxiaoshuo.com/xiakexing/1355.html]
[jinyongxiaoshuo.com/xiakexing/1354.html]
[jinyongxiaoshuo.com/xiakexing/1353.html]
[jinyongxiaoshuo.com/xiakexing/1352.html]
[jinyongxiaoshuo.com/xiakexing/1351.html]
[jinyongxiaoshuo.com/xiakexing/1350.html]
[jinyongxiaoshuo.com/xiakexing/1349.html]
[jinyongxiaoshuo.com/xiakexing/1348.html]
[jinyongxiaoshuo.com/xiakexing/1347.html]
[jinyongxiaoshuo.com/xiakexing/1346.html]
[jinyongxiaoshuo.com/xiakexing/1345.html]
[jinyongxiaoshuo.com/xiakexing/1344.html]
[jinyongxiaoshuo.com/yitiantulongji/949.html]
[jinyongxiaoshuo.com/yitiantulongji/948.html]
[jinyongxiaoshuo.com/yitiantulongji/947.html]
[jinyongxiaoshuo.com/yitiantulongji/946.html]
[jinyongxiaoshuo.com/yitiantulongji/945.html]
[jinyongxiaoshuo.com/yitiantulongji/944.html]
[jinyongxiaoshuo.com/yitiantulongji/943.html]
[jinyongxiaoshuo.com/yitiantulongji/942.html]
[jinyongxiaoshuo.com/yitiantulongji/941.html]
[jinyongxiaoshuo.com/yitiantulongji/940.html]
[jinyongxiaoshuo.com/yitiantulongji/939.html]
[jinyongxiaoshuo.com/yitiantulongji/938.html]
[jinyongxiaoshuo.com/yitiantulongji/937.html]
[jinyongxiaoshuo.com/yitiantulongji/936.html]
[jinyongxiaoshuo.com/yitiantulongji/935.html]
[jinyongxiaoshuo.com/yitiantulongji/934.html]
[jinyongxiaoshuo.com/yitiantulongji/933.html]
[jinyongxiaoshuo.com/yitiantulongji/932.html]
[jinyongxiaoshuo.com/yitiantulongji/931.html]
[jinyongxiaoshuo.com/yitiantulongji/930.html]
[jinyongxiaoshuo.com/yitiantulongji/929.html]
[jinyongxiaoshuo.com/yitiantulongji/928.html]
[jinyongxiaoshuo.com/yitiantulongji/927.html]
[jinyongxiaoshuo.com/yitiantulongji/926.html]
[jinyongxiaoshuo.com/yitiantulongji/925.html]
[jinyongxiaoshuo.com/yitiantulongji/924.html]
[jinyongxiaoshuo.com/yitiantulongji/923.html]
[jinyongxiaoshuo.com/yitiantulongji/922.html]
[jinyongxiaoshuo.com/yitiantulongji/921.html]
[jinyongxiaoshuo.com/yitiantulongji/920.html]
[jinyongxiaoshuo.com/yitiantulongji/919.html]
[jinyongxiaoshuo.com/yitiantulongji/918.html]
[jinyongxiaoshuo.com/yitiantulongji/917.html]
[jinyongxiaoshuo.com/yitiantulongji/916.html]
[jinyongxiaoshuo.com/yitiantulongji/915.html]
[jinyongxiaoshuo.com/yitiantulongji/914.html]
[jinyongxiaoshuo.com/yitiantulongji/913.html]
[jinyongxiaoshuo.com/yitiantulongji/912.html]
[jinyongxiaoshuo.com/yitiantulongji/911.html]
[jinyongxiaoshuo.com/yitiantulongji/910.html]
[jinyongxiaoshuo.com/yitiantulongji/909.html]
[jinyongxiaoshuo.com/bixuejian/265.html]
[jinyongxiaoshuo.com/bixuejian/264.html]
[jinyongxiaoshuo.com/bixuejian/263.html]
[jinyongxiaoshuo.com/bixuejian/262.html]
[jinyongxiaoshuo.com/bixuejian/261.html]
[jinyongxiaoshuo.com/bixuejian/260.html]
[jinyongxiaoshuo.com/bixuejian/259.html]
[jinyongxiaoshuo.com/bixuejian/258.html]
[jinyongxiaoshuo.com/bixuejian/257.html]
[jinyongxiaoshuo.com/bixuejian/256.html]
[jinyongxiaoshuo.com/bixuejian/255.html]
[jinyongxiaoshuo.com/bixuejian/254.html]
[jinyongxiaoshuo.com/bixuejian/253.html]
[jinyongxiaoshuo.com/bixuejian/252.html]
[jinyongxiaoshuo.com/bixuejian/251.html]
[jinyongxiaoshuo.com/bixuejian/250.html]
[jinyongxiaoshuo.com/bixuejian/249.html]
[jinyongxiaoshuo.com/bixuejian/248.html]
[jinyongxiaoshuo.com/bixuejian/247.html]
[jinyongxiaoshuo.com/bixuejian/246.html]
[jinyongxiaoshuo.com/bixuejian/245.html]
[jinyongxiaoshuo.com/bixuejian/244.html]
[jinyongxiaoshuo.com/bixuejian/243.html]
[jinyongxiaoshuo.com/bixuejian/242.html]
[jinyongxiaoshuo.com/yuanyangdao/169.html]
[jinyongxiaoshuo.com/js/TY01.js]
[jinyongxiaoshuo.com/js/comments-ajax.js]
[jinyongxiaoshuo.com/js/jquery.cookie.js]
[jinyongxiaoshuo.com/js/XF02.js]
[jinyongxiaoshuo.com/old_shujianenchoulu/352.html]
[jinyongxiaoshuo.com/old_shujianenchoulu/351.html]
[jinyongxiaoshuo.com/old_shujianenchoulu/350.html]
[jinyongxiaoshuo.com/old_shujianenchoulu/349.html]
[jinyongxiaoshuo.com/old_shujianenchoulu/348.html]
[jinyongxiaoshuo.com/old_shujianenchoulu/347.html]
[jinyongxiaoshuo.com/old_shujianenchoulu/346.html]
[jinyongxiaoshuo.com/old_shujianenchoulu/345.html]
[jinyongxiaoshuo.com/old_shujianenchoulu/344.html]
[jinyongxiaoshuo.com/old_shujianenchoulu/343.html]
[jinyongxiaoshuo.com/old_shujianenchoulu/342.html]
[jinyongxiaoshuo.com/old_shujianenchoulu/341.html]
[jinyongxiaoshuo.com/old_shujianenchoulu/340.html]
[jinyongxiaoshuo.com/old_shujianenchoulu/339.html]
[jinyongxiaoshuo.com/old_shujianenchoulu/338.html]
[jinyongxiaoshuo.com/old_shujianenchoulu/337.html]
[jinyongxiaoshuo.com/old_shujianenchoulu/336.html]
[jinyongxiaoshuo.com/old_shujianenchoulu/335.html]
[jinyongxiaoshuo.com/old_shujianenchoulu/334.html]
[jinyongxiaoshuo.com/old_shujianenchoulu/333.html]
[jinyongxiaoshuo.com/old_shujianenchoulu/332.html]
[jinyongxiaoshuo.com/old_shujianenchoulu/331.html]
[jinyongxiaoshuo.com/old_shujianenchoulu/330.html]
[jinyongxiaoshuo.com/old_shujianenchoulu/329.html]
[jinyongxiaoshuo.com/old_shujianenchoulu/328.html]
[jinyongxiaoshuo.com/old_shujianenchoulu/327.html]
[jinyongxiaoshuo.com/old_shujianenchoulu/326.html]
[jinyongxiaoshuo.com/old_shujianenchoulu/325.html]
[jinyongxiaoshuo.com/old_shujianenchoulu/324.html]
[jinyongxiaoshuo.com/old_shujianenchoulu/323.html]
[jinyongxiaoshuo.com/old_shujianenchoulu/322.html]
[jinyongxiaoshuo.com/old_shujianenchoulu/321.html]
[jinyongxiaoshuo.com/old_shujianenchoulu/320.html]
[jinyongxiaoshuo.com/old_shujianenchoulu/319.html]
[jinyongxiaoshuo.com/old_shujianenchoulu/318.html]
[jinyongxiaoshuo.com/old_shujianenchoulu/317.html]
[jinyongxiaoshuo.com/old_shujianenchoulu/316.html]
[jinyongxiaoshuo.com/old_shujianenchoulu/315.html]
[jinyongxiaoshuo.com/old_shujianenchoulu/314.html]
[jinyongxiaoshuo.com/old_shujianenchoulu/313.html]
[jinyongxiaoshuo.com/old_bixuejian/312.html]
[jinyongxiaoshuo.com/old_bixuejian/311.html]
[jinyongxiaoshuo.com/old_bixuejian/310.html]
[jinyongxiaoshuo.com/old_bixuejian/309.html]
[jinyongxiaoshuo.com/old_bixuejian/308.html]
[jinyongxiaoshuo.com/old_bixuejian/307.html]
[jinyongxiaoshuo.com/old_bixuejian/306.html]
[jinyongxiaoshuo.com/old_bixuejian/305.html]
[jinyongxiaoshuo.com/old_bixuejian/304.html]
[jinyongxiaoshuo.com/old_bixuejian/303.html]
[jinyongxiaoshuo.com/old_bixuejian/302.html]
[jinyongxiaoshuo.com/old_bixuejian/301.html]
[jinyongxiaoshuo.com/old_bixuejian/300.html]
[jinyongxiaoshuo.com/old_bixuejian/299.html]
[jinyongxiaoshuo.com/old_bixuejian/298.html]
[jinyongxiaoshuo.com/old_bixuejian/297.html]
[jinyongxiaoshuo.com/old_bixuejian/296.html]
[jinyongxiaoshuo.com/old_bixuejian/295.html]
[jinyongxiaoshuo.com/old_bixuejian/294.html]
[jinyongxiaoshuo.com/old_bixuejian/293.html]
[jinyongxiaoshuo.com/old_bixuejian/292.html]
[jinyongxiaoshuo.com/old_bixuejian/291.html]
[jinyongxiaoshuo.com/old_bixuejian/290.html]
[jinyongxiaoshuo.com/old_bixuejian/289.html]
[jinyongxiaoshuo.com/old_bixuejian/288.html]
[jinyongxiaoshuo.com/old_shediaoyingxiongzhuan/616.html]
[jinyongxiaoshuo.com/old_shediaoyingxiongzhuan/615.html]
[jinyongxiaoshuo.com/old_shediaoyingxiongzhuan/614.html]
[jinyongxiaoshuo.com/old_shediaoyingxiongzhuan/613.html]
[jinyongxiaoshuo.com/old_shediaoyingxiongzhuan/612.html]
[jinyongxiaoshuo.com/old_shediaoyingxiongzhuan/611.html]
[jinyongxiaoshuo.com/old_shediaoyingxiongzhuan/610.html]
[jinyongxiaoshuo.com/old_shediaoyingxiongzhuan/609.html]
[jinyongxiaoshuo.com/old_shediaoyingxiongzhuan/608.html]
[jinyongxiaoshuo.com/old_shediaoyingxiongzhuan/607.html]
[jinyongxiaoshuo.com/old_shediaoyingxiongzhuan/606.html]
[jinyongxiaoshuo.com/old_shediaoyingxiongzhuan/605.html]
[jinyongxiaoshuo.com/old_shediaoyingxiongzhuan/604.html]
[jinyongxiaoshuo.com/old_shediaoyingxiongzhuan/603.html]
[jinyongxiaoshuo.com/old_shediaoyingxiongzhuan/602.html]
[jinyongxiaoshuo.com/old_shediaoyingxiongzhuan/601.html]
[jinyongxiaoshuo.com/old_shediaoyingxiongzhuan/600.html]
[jinyongxiaoshuo.com/old_shediaoyingxiongzhuan/599.html]
[jinyongxiaoshuo.com/old_shediaoyingxiongzhuan/598.html]
[jinyongxiaoshuo.com/old_shediaoyingxiongzhuan/597.html]
[jinyongxiaoshuo.com/old_shediaoyingxiongzhuan/596.html]
[jinyongxiaoshuo.com/old_shediaoyingxiongzhuan/595.html]
[jinyongxiaoshuo.com/old_shediaoyingxiongzhuan/594.html]
[jinyongxiaoshuo.com/old_shediaoyingxiongzhuan/593.html]
[jinyongxiaoshuo.com/old_shediaoyingxiongzhuan/592.html]
[jinyongxiaoshuo.com/old_shediaoyingxiongzhuan/591.html]
[jinyongxiaoshuo.com/old_shediaoyingxiongzhuan/590.html]
[jinyongxiaoshuo.com/old_shediaoyingxiongzhuan/589.html]
[jinyongxiaoshuo.com/old_shediaoyingxiongzhuan/588.html]
[jinyongxiaoshuo.com/old_shediaoyingxiongzhuan/587.html]
[jinyongxiaoshuo.com/old_shediaoyingxiongzhuan/586.html]
[jinyongxiaoshuo.com/old_shediaoyingxiongzhuan/585.html]
[jinyongxiaoshuo.com/old_shediaoyingxiongzhuan/584.html]
[jinyongxiaoshuo.com/old_shediaoyingxiongzhuan/583.html]
[jinyongxiaoshuo.com/old_shediaoyingxiongzhuan/582.html]
[jinyongxiaoshuo.com/old_shediaoyingxiongzhuan/581.html]
[jinyongxiaoshuo.com/old_shediaoyingxiongzhuan/580.html]
[jinyongxiaoshuo.com/old_shediaoyingxiongzhuan/579.html]
[jinyongxiaoshuo.com/old_shediaoyingxiongzhuan/578.html]
[jinyongxiaoshuo.com/old_shediaoyingxiongzhuan/577.html]
[jinyongxiaoshuo.com/old_shediaoyingxiongzhuan/576.html]
[jinyongxiaoshuo.com/old_shediaoyingxiongzhuan/575.html]
[jinyongxiaoshuo.com/old_shediaoyingxiongzhuan/574.html]
[jinyongxiaoshuo.com/old_shediaoyingxiongzhuan/573.html]
[jinyongxiaoshuo.com/old_shediaoyingxiongzhuan/572.html]
[jinyongxiaoshuo.com/old_shediaoyingxiongzhuan/571.html]
[jinyongxiaoshuo.com/old_shediaoyingxiongzhuan/570.html]
[jinyongxiaoshuo.com/old_shediaoyingxiongzhuan/569.html]
[jinyongxiaoshuo.com/old_shediaoyingxiongzhuan/568.html]
[jinyongxiaoshuo.com/old_shediaoyingxiongzhuan/567.html]
[jinyongxiaoshuo.com/old_shediaoyingxiongzhuan/566.html]
[jinyongxiaoshuo.com/old_shediaoyingxiongzhuan/565.html]
[jinyongxiaoshuo.com/old_shediaoyingxiongzhuan/564.html]
[jinyongxiaoshuo.com/old_shediaoyingxiongzhuan/563.html]
[jinyongxiaoshuo.com/old_shediaoyingxiongzhuan/562.html]
[jinyongxiaoshuo.com/old_shediaoyingxiongzhuan/561.html]
[jinyongxiaoshuo.com/old_shediaoyingxiongzhuan/560.html]
[jinyongxiaoshuo.com/old_shediaoyingxiongzhuan/559.html]
[jinyongxiaoshuo.com/old_shediaoyingxiongzhuan/558.html]
[jinyongxiaoshuo.com/old_shediaoyingxiongzhuan/557.html]
[jinyongxiaoshuo.com/old_shediaoyingxiongzhuan/556.html]
[jinyongxiaoshuo.com/old_shediaoyingxiongzhuan/555.html]
[jinyongxiaoshuo.com/old_shediaoyingxiongzhuan/554.html]
[jinyongxiaoshuo.com/old_shediaoyingxiongzhuan/553.html]
[jinyongxiaoshuo.com/old_shediaoyingxiongzhuan/552.html]
[jinyongxiaoshuo.com/old_shediaoyingxiongzhuan/551.html]
[jinyongxiaoshuo.com/old_shediaoyingxiongzhuan/550.html]
[jinyongxiaoshuo.com/old_shediaoyingxiongzhuan/549.html]
[jinyongxiaoshuo.com/old_shediaoyingxiongzhuan/548.html]
[jinyongxiaoshuo.com/old_shediaoyingxiongzhuan/547.html]
[jinyongxiaoshuo.com/old_shediaoyingxiongzhuan/546.html]
[jinyongxiaoshuo.com/old_shediaoyingxiongzhuan/545.html]
[jinyongxiaoshuo.com/old_shediaoyingxiongzhuan/544.html]
[jinyongxiaoshuo.com/old_shediaoyingxiongzhuan/543.html]
[jinyongxiaoshuo.com/old_shediaoyingxiongzhuan/542.html]
[jinyongxiaoshuo.com/old_shediaoyingxiongzhuan/541.html]
[jinyongxiaoshuo.com/old_shediaoyingxiongzhuan/540.html]
[jinyongxiaoshuo.com/old_shediaoyingxiongzhuan/539.html]
[jinyongxiaoshuo.com/old_shediaoyingxiongzhuan/538.html]
[jinyongxiaoshuo.com/old_shediaoyingxiongzhuan/537.html]
[jinyongxiaoshuo.com/old_shediaoyingxiongzhuan/536.html]
[jinyongxiaoshuo.com/old_shediaoyingxiongzhuan/535.html]
[jinyongxiaoshuo.com/old_shediaoyingxiongzhuan/534.html]
[jinyongxiaoshuo.com/old_shediaoyingxiongzhuan/533.html]
[jinyongxiaoshuo.com/old_shediaoyingxiongzhuan/532.html]
[jinyongxiaoshuo.com/old_shediaoyingxiongzhuan/531.html]
[jinyongxiaoshuo.com/old_shediaoyingxiongzhuan/530.html]
[jinyongxiaoshuo.com/old_shediaoyingxiongzhuan/529.html]
[jinyongxiaoshuo.com/old_shediaoyingxiongzhuan/528.html]
[jinyongxiaoshuo.com/old_shediaoyingxiongzhuan/527.html]
[jinyongxiaoshuo.com/old_shediaoyingxiongzhuan/526.html]
[jinyongxiaoshuo.com/old_shediaoyingxiongzhuan/525.html]
[jinyongxiaoshuo.com/old_shediaoyingxiongzhuan/524.html]
[jinyongxiaoshuo.com/old_shediaoyingxiongzhuan/523.html]
[jinyongxiaoshuo.com/old_shediaoyingxiongzhuan/522.html]
[jinyongxiaoshuo.com/old_shediaoyingxiongzhuan/521.html]
[jinyongxiaoshuo.com/old_shediaoyingxiongzhuan/520.html]
[jinyongxiaoshuo.com/old_shediaoyingxiongzhuan/519.html]
[jinyongxiaoshuo.com/old_shediaoyingxiongzhuan/518.html]
[jinyongxiaoshuo.com/old_shediaoyingxiongzhuan/517.html]
[jinyongxiaoshuo.com/old_shediaoyingxiongzhuan/516.html]
[jinyongxiaoshuo.com/old_shediaoyingxiongzhuan/515.html]
[jinyongxiaoshuo.com/old_shediaoyingxiongzhuan/514.html]
[jinyongxiaoshuo.com/old_shediaoyingxiongzhuan/513.html]
[jinyongxiaoshuo.com/old_shediaoyingxiongzhuan/512.html]
[jinyongxiaoshuo.com/old_shediaoyingxiongzhuan/511.html]
[jinyongxiaoshuo.com/old_shediaoyingxiongzhuan/510.html]
[jinyongxiaoshuo.com/old_shediaoyingxiongzhuan/509.html]
[jinyongxiaoshuo.com/old_shediaoyingxiongzhuan/508.html]
[jinyongxiaoshuo.com/old_shediaoyingxiongzhuan/507.html]
[jinyongxiaoshuo.com/old_shediaoyingxiongzhuan/506.html]
[jinyongxiaoshuo.com/old_shediaoyingxiongzhuan/505.html]
[jinyongxiaoshuo.com/old_shediaoyingxiongzhuan/504.html]
[jinyongxiaoshuo.com/old_shediaoyingxiongzhuan/503.html]
[jinyongxiaoshuo.com/old_shediaoyingxiongzhuan/502.html]
[jinyongxiaoshuo.com/old_shediaoyingxiongzhuan/501.html]
[jinyongxiaoshuo.com/old_shediaoyingxiongzhuan/500.html]
[jinyongxiaoshuo.com/old_shediaoyingxiongzhuan/499.html]
[jinyongxiaoshuo.com/old_xueshanfeihu/476.html]
[jinyongxiaoshuo.com/old_xueshanfeihu/475.html]
[jinyongxiaoshuo.com/old_xueshanfeihu/474.html]
[jinyongxiaoshuo.com/old_xueshanfeihu/473.html]
[jinyongxiaoshuo.com/old_xueshanfeihu/472.html]
[jinyongxiaoshuo.com/old_xueshanfeihu/471.html]
[jinyongxiaoshuo.com/old_xueshanfeihu/470.html]
[jinyongxiaoshuo.com/old_xueshanfeihu/469.html]
[jinyongxiaoshuo.com/old_xueshanfeihu/468.html]
[jinyongxiaoshuo.com/old_xueshanfeihu/467.html]
[jinyongxiaoshuo.com/old_xueshanfeihu/466.html]
[jinyongxiaoshuo.com/old_xueshanfeihu/465.html]
[jinyongxiaoshuo.com/old_xueshanfeihu/464.html]
[jinyongxiaoshuo.com/old_xueshanfeihu/463.html]
[jinyongxiaoshuo.com/old_xueshanfeihu/462.html]
[jinyongxiaoshuo.com/old_xueshanfeihu/461.html]
[jinyongxiaoshuo.com/old_xueshanfeihu/460.html]
[jinyongxiaoshuo.com/old_xueshanfeihu/459.html]
[jinyongxiaoshuo.com/old_shendiaoxialv/899.html]
[jinyongxiaoshuo.com/old_shendiaoxialv/898.html]
[jinyongxiaoshuo.com/old_shendiaoxialv/897.html]
[jinyongxiaoshuo.com/old_shendiaoxialv/896.html]
[jinyongxiaoshuo.com/old_shendiaoxialv/895.html]
[jinyongxiaoshuo.com/old_shendiaoxialv/894.html]
[jinyongxiaoshuo.com/old_shendiaoxialv/893.html]
[jinyongxiaoshuo.com/old_shendiaoxialv/892.html]
[jinyongxiaoshuo.com/old_shendiaoxialv/891.html]
[jinyongxiaoshuo.com/old_shendiaoxialv/890.html]
[jinyongxiaoshuo.com/old_shendiaoxialv/889.html]
[jinyongxiaoshuo.com/old_shendiaoxialv/888.html]
[jinyongxiaoshuo.com/old_shendiaoxialv/887.html]
[jinyongxiaoshuo.com/old_shendiaoxialv/886.html]
[jinyongxiaoshuo.com/old_shendiaoxialv/885.html]
[jinyongxiaoshuo.com/old_shendiaoxialv/884.html]
[jinyongxiaoshuo.com/old_shendiaoxialv/883.html]
[jinyongxiaoshuo.com/old_shendiaoxialv/882.html]
[jinyongxiaoshuo.com/old_shendiaoxialv/881.html]
[jinyongxiaoshuo.com/old_shendiaoxialv/880.html]
[jinyongxiaoshuo.com/old_shendiaoxialv/879.html]
[jinyongxiaoshuo.com/old_shendiaoxialv/878.html]
[jinyongxiaoshuo.com/old_shendiaoxialv/877.html]
[jinyongxiaoshuo.com/old_shendiaoxialv/876.html]
[jinyongxiaoshuo.com/old_shendiaoxialv/875.html]
[jinyongxiaoshuo.com/old_shendiaoxialv/874.html]
[jinyongxiaoshuo.com/old_shendiaoxialv/873.html]
[jinyongxiaoshuo.com/old_shendiaoxialv/872.html]
[jinyongxiaoshuo.com/old_shendiaoxialv/871.html]
[jinyongxiaoshuo.com/old_shendiaoxialv/870.html]
[jinyongxiaoshuo.com/old_shendiaoxialv/869.html]
[jinyongxiaoshuo.com/old_shendiaoxialv/868.html]
[jinyongxiaoshuo.com/old_shendiaoxialv/867.html]
[jinyongxiaoshuo.com/old_shendiaoxialv/866.html]
[jinyongxiaoshuo.com/old_shendiaoxialv/865.html]
[jinyongxiaoshuo.com/old_shendiaoxialv/864.html]
[jinyongxiaoshuo.com/old_shendiaoxialv/863.html]
[jinyongxiaoshuo.com/old_shendiaoxialv/862.html]
[jinyongxiaoshuo.com/old_shendiaoxialv/861.html]
[jinyongxiaoshuo.com/old_shendiaoxialv/860.html]
[jinyongxiaoshuo.com/old_shendiaoxialv/859.html]
[jinyongxiaoshuo.com/old_shendiaoxialv/858.html]
[jinyongxiaoshuo.com/old_shendiaoxialv/857.html]
[jinyongxiaoshuo.com/old_shendiaoxialv/856.html]
[jinyongxiaoshuo.com/old_shendiaoxialv/855.html]
[jinyongxiaoshuo.com/old_shendiaoxialv/854.html]
[jinyongxiaoshuo.com/old_shendiaoxialv/853.html]
[jinyongxiaoshuo.com/old_shendiaoxialv/852.html]
[jinyongxiaoshuo.com/old_shendiaoxialv/851.html]
[jinyongxiaoshuo.com/old_shendiaoxialv/850.html]
[jinyongxiaoshuo.com/old_shendiaoxialv/849.html]
[jinyongxiaoshuo.com/old_shendiaoxialv/848.html]
[jinyongxiaoshuo.com/old_shendiaoxialv/847.html]
[jinyongxiaoshuo.com/old_shendiaoxialv/846.html]
[jinyongxiaoshuo.com/old_shendiaoxialv/845.html]
[jinyongxiaoshuo.com/old_shendiaoxialv/844.html]
[jinyongxiaoshuo.com/old_shendiaoxialv/843.html]
[jinyongxiaoshuo.com/old_shendiaoxialv/842.html]
[jinyongxiaoshuo.com/old_shendiaoxialv/841.html]
[jinyongxiaoshuo.com/old_shendiaoxialv/840.html]
[jinyongxiaoshuo.com/old_shendiaoxialv/839.html]
[jinyongxiaoshuo.com/old_shendiaoxialv/838.html]
[jinyongxiaoshuo.com/old_shendiaoxialv/837.html]
[jinyongxiaoshuo.com/old_shendiaoxialv/836.html]
[jinyongxiaoshuo.com/old_shendiaoxialv/835.html]
[jinyongxiaoshuo.com/old_shendiaoxialv/834.html]
[jinyongxiaoshuo.com/old_shendiaoxialv/833.html]
[jinyongxiaoshuo.com/old_shendiaoxialv/832.html]
[jinyongxiaoshuo.com/old_shendiaoxialv/831.html]
[jinyongxiaoshuo.com/old_shendiaoxialv/830.html]
[jinyongxiaoshuo.com/old_shendiaoxialv/829.html]
[jinyongxiaoshuo.com/old_shendiaoxialv/828.html]
[jinyongxiaoshuo.com/old_shendiaoxialv/827.html]
[jinyongxiaoshuo.com/old_shendiaoxialv/826.html]
[jinyongxiaoshuo.com/old_shendiaoxialv/825.html]
[jinyongxiaoshuo.com/old_shendiaoxialv/824.html]
[jinyongxiaoshuo.com/old_shendiaoxialv/823.html]
[jinyongxiaoshuo.com/old_shendiaoxialv/822.html]
[jinyongxiaoshuo.com/old_shendiaoxialv/821.html]
[jinyongxiaoshuo.com/old_shendiaoxialv/820.html]
[jinyongxiaoshuo.com/old_shendiaoxialv/819.html]
[jinyongxiaoshuo.com/old_shendiaoxialv/818.html]
[jinyongxiaoshuo.com/old_shendiaoxialv/817.html]
[jinyongxiaoshuo.com/old_shendiaoxialv/816.html]
[jinyongxiaoshuo.com/old_shendiaoxialv/815.html]
[jinyongxiaoshuo.com/old_shendiaoxialv/814.html]
[jinyongxiaoshuo.com/old_shendiaoxialv/813.html]
[jinyongxiaoshuo.com/old_shendiaoxialv/812.html]
[jinyongxiaoshuo.com/old_shendiaoxialv/811.html]
[jinyongxiaoshuo.com/old_shendiaoxialv/810.html]
[jinyongxiaoshuo.com/old_shendiaoxialv/809.html]
[jinyongxiaoshuo.com/old_shendiaoxialv/808.html]
[jinyongxiaoshuo.com/old_shendiaoxialv/807.html]
[jinyongxiaoshuo.com/old_shendiaoxialv/806.html]
[jinyongxiaoshuo.com/old_shendiaoxialv/805.html]
[jinyongxiaoshuo.com/old_shendiaoxialv/804.html]
[jinyongxiaoshuo.com/old_shendiaoxialv/803.html]
[jinyongxiaoshuo.com/old_shendiaoxialv/802.html]
[jinyongxiaoshuo.com/old_shendiaoxialv/801.html]
[jinyongxiaoshuo.com/old_shendiaoxialv/800.html]
[jinyongxiaoshuo.com/old_shendiaoxialv/799.html]
[jinyongxiaoshuo.com/old_shendiaoxialv/798.html]
[jinyongxiaoshuo.com/old_shendiaoxialv/797.html]
[jinyongxiaoshuo.com/old_shendiaoxialv/796.html]
[jinyongxiaoshuo.com/old_shendiaoxialv/795.html]
[jinyongxiaoshuo.com/old_shendiaoxialv/794.html]
[jinyongxiaoshuo.com/old_shendiaoxialv/793.html]
[jinyongxiaoshuo.com/old_shendiaoxialv/792.html]
[jinyongxiaoshuo.com/old_shendiaoxialv/791.html]
[jinyongxiaoshuo.com/old_shendiaoxialv/790.html]
[jinyongxiaoshuo.com/old_feihuwaizhuan/768.html]
[jinyongxiaoshuo.com/old_feihuwaizhuan/767.html]
[jinyongxiaoshuo.com/old_feihuwaizhuan/766.html]
[jinyongxiaoshuo.com/old_feihuwaizhuan/765.html]
[jinyongxiaoshuo.com/old_feihuwaizhuan/764.html]
[jinyongxiaoshuo.com/old_feihuwaizhuan/763.html]
[jinyongxiaoshuo.com/old_feihuwaizhuan/762.html]
[jinyongxiaoshuo.com/old_feihuwaizhuan/761.html]
[jinyongxiaoshuo.com/old_feihuwaizhuan/760.html]
[jinyongxiaoshuo.com/old_feihuwaizhuan/759.html]
[jinyongxiaoshuo.com/old_feihuwaizhuan/758.html]
[jinyongxiaoshuo.com/old_feihuwaizhuan/757.html]
[jinyongxiaoshuo.com/old_feihuwaizhuan/756.html]
[jinyongxiaoshuo.com/old_feihuwaizhuan/755.html]
[jinyongxiaoshuo.com/old_feihuwaizhuan/754.html]
[jinyongxiaoshuo.com/old_feihuwaizhuan/753.html]
[jinyongxiaoshuo.com/old_feihuwaizhuan/752.html]
[jinyongxiaoshuo.com/old_feihuwaizhuan/751.html]
[jinyongxiaoshuo.com/old_feihuwaizhuan/750.html]
[jinyongxiaoshuo.com/old_feihuwaizhuan/749.html]
[jinyongxiaoshuo.com/old_feihuwaizhuan/748.html]
[jinyongxiaoshuo.com/old_feihuwaizhuan/747.html]
[jinyongxiaoshuo.com/old_feihuwaizhuan/746.html]
[jinyongxiaoshuo.com/old_feihuwaizhuan/745.html]
[jinyongxiaoshuo.com/old_feihuwaizhuan/744.html]
[jinyongxiaoshuo.com/old_feihuwaizhuan/743.html]
[jinyongxiaoshuo.com/old_feihuwaizhuan/742.html]
[jinyongxiaoshuo.com/old_feihuwaizhuan/741.html]
[jinyongxiaoshuo.com/old_feihuwaizhuan/740.html]
[jinyongxiaoshuo.com/old_feihuwaizhuan/739.html]
[jinyongxiaoshuo.com/old_feihuwaizhuan/738.html]
[jinyongxiaoshuo.com/old_feihuwaizhuan/737.html]
[jinyongxiaoshuo.com/old_feihuwaizhuan/736.html]
[jinyongxiaoshuo.com/old_feihuwaizhuan/735.html]
[jinyongxiaoshuo.com/old_feihuwaizhuan/734.html]
[jinyongxiaoshuo.com/old_feihuwaizhuan/733.html]
[jinyongxiaoshuo.com/old_feihuwaizhuan/732.html]
[jinyongxiaoshuo.com/old_feihuwaizhuan/731.html]
[jinyongxiaoshuo.com/old_feihuwaizhuan/730.html]
[jinyongxiaoshuo.com/old_feihuwaizhuan/729.html]
[jinyongxiaoshuo.com/old_feihuwaizhuan/728.html]
[jinyongxiaoshuo.com/old_feihuwaizhuan/727.html]
[jinyongxiaoshuo.com/old_feihuwaizhuan/726.html]
[jinyongxiaoshuo.com/old_feihuwaizhuan/725.html]
[jinyongxiaoshuo.com/old_feihuwaizhuan/724.html]
[jinyongxiaoshuo.com/old_feihuwaizhuan/723.html]
[jinyongxiaoshuo.com/old_feihuwaizhuan/722.html]
[jinyongxiaoshuo.com/old_feihuwaizhuan/721.html]
[jinyongxiaoshuo.com/old_yuanyangdao/168.html]
[jinyongxiaoshuo.com/old_yitiantulongji/1103.html]
[jinyongxiaoshuo.com/old_yitiantulongji/1102.html]
[jinyongxiaoshuo.com/old_yitiantulongji/1101.html]
[jinyongxiaoshuo.com/old_yitiantulongji/1100.html]
[jinyongxiaoshuo.com/old_yitiantulongji/1099.html]
[jinyongxiaoshuo.com/old_yitiantulongji/1098.html]
[jinyongxiaoshuo.com/old_yitiantulongji/1097.html]
[jinyongxiaoshuo.com/old_yitiantulongji/1096.html]
[jinyongxiaoshuo.com/old_yitiantulongji/1095.html]
[jinyongxiaoshuo.com/old_yitiantulongji/1094.html]
[jinyongxiaoshuo.com/old_yitiantulongji/1093.html]
[jinyongxiaoshuo.com/old_yitiantulongji/1092.html]
[jinyongxiaoshuo.com/old_yitiantulongji/1091.html]
[jinyongxiaoshuo.com/old_yitiantulongji/1090.html]
[jinyongxiaoshuo.com/old_yitiantulongji/1089.html]
[jinyongxiaoshuo.com/old_yitiantulongji/1088.html]
[jinyongxiaoshuo.com/old_yitiantulongji/1087.html]
[jinyongxiaoshuo.com/old_yitiantulongji/1086.html]
[jinyongxiaoshuo.com/old_yitiantulongji/1085.html]
[jinyongxiaoshuo.com/old_yitiantulongji/1084.html]
[jinyongxiaoshuo.com/old_yitiantulongji/1083.html]
[jinyongxiaoshuo.com/old_yitiantulongji/1082.html]
[jinyongxiaoshuo.com/old_yitiantulongji/1081.html]
[jinyongxiaoshuo.com/old_yitiantulongji/1080.html]
[jinyongxiaoshuo.com/old_yitiantulongji/1079.html]
[jinyongxiaoshuo.com/old_yitiantulongji/1078.html]
[jinyongxiaoshuo.com/old_yitiantulongji/1077.html]
[jinyongxiaoshuo.com/old_yitiantulongji/1076.html]
[jinyongxiaoshuo.com/old_yitiantulongji/1075.html]
[jinyongxiaoshuo.com/old_yitiantulongji/1074.html]
[jinyongxiaoshuo.com/old_yitiantulongji/1073.html]
[jinyongxiaoshuo.com/old_yitiantulongji/1072.html]
[jinyongxiaoshuo.com/old_yitiantulongji/1071.html]
[jinyongxiaoshuo.com/old_yitiantulongji/1070.html]
[jinyongxiaoshuo.com/old_yitiantulongji/1069.html]
[jinyongxiaoshuo.com/old_yitiantulongji/1068.html]
[jinyongxiaoshuo.com/old_yitiantulongji/1067.html]
[jinyongxiaoshuo.com/old_yitiantulongji/1066.html]
[jinyongxiaoshuo.com/old_yitiantulongji/1065.html]
[jinyongxiaoshuo.com/old_yitiantulongji/1064.html]
[jinyongxiaoshuo.com/old_yitiantulongji/1063.html]
[jinyongxiaoshuo.com/old_yitiantulongji/1062.html]
[jinyongxiaoshuo.com/old_yitiantulongji/1061.html]
[jinyongxiaoshuo.com/old_yitiantulongji/1060.html]
[jinyongxiaoshuo.com/old_yitiantulongji/1059.html]
[jinyongxiaoshuo.com/old_yitiantulongji/1058.html]
[jinyongxiaoshuo.com/old_yitiantulongji/1057.html]
[jinyongxiaoshuo.com/old_yitiantulongji/1056.html]
[jinyongxiaoshuo.com/old_yitiantulongji/1055.html]
[jinyongxiaoshuo.com/old_yitiantulongji/1054.html]
[jinyongxiaoshuo.com/old_yitiantulongji/1053.html]
[jinyongxiaoshuo.com/old_yitiantulongji/1052.html]
[jinyongxiaoshuo.com/old_yitiantulongji/1051.html]
[jinyongxiaoshuo.com/old_yitiantulongji/1050.html]
[jinyongxiaoshuo.com/old_yitiantulongji/1049.html]
[jinyongxiaoshuo.com/old_yitiantulongji/1048.html]
[jinyongxiaoshuo.com/old_yitiantulongji/1047.html]
[jinyongxiaoshuo.com/old_yitiantulongji/1046.html]
[jinyongxiaoshuo.com/old_yitiantulongji/1045.html]
[jinyongxiaoshuo.com/old_yitiantulongji/1044.html]
[jinyongxiaoshuo.com/old_yitiantulongji/1043.html]
[jinyongxiaoshuo.com/old_yitiantulongji/1042.html]
[jinyongxiaoshuo.com/old_yitiantulongji/1041.html]
[jinyongxiaoshuo.com/old_yitiantulongji/1040.html]
[jinyongxiaoshuo.com/old_yitiantulongji/1039.html]
[jinyongxiaoshuo.com/old_yitiantulongji/1038.html]
[jinyongxiaoshuo.com/old_yitiantulongji/1037.html]
[jinyongxiaoshuo.com/old_yitiantulongji/1036.html]
[jinyongxiaoshuo.com/old_yitiantulongji/1035.html]
[jinyongxiaoshuo.com/old_yitiantulongji/1034.html]
[jinyongxiaoshuo.com/old_yitiantulongji/1033.html]
[jinyongxiaoshuo.com/old_yitiantulongji/1032.html]
[jinyongxiaoshuo.com/old_yitiantulongji/1031.html]
[jinyongxiaoshuo.com/old_yitiantulongji/1030.html]
[jinyongxiaoshuo.com/old_yitiantulongji/1029.html]
[jinyongxiaoshuo.com/old_yitiantulongji/1028.html]
[jinyongxiaoshuo.com/old_yitiantulongji/1027.html]
[jinyongxiaoshuo.com/old_yitiantulongji/1026.html]
[jinyongxiaoshuo.com/old_yitiantulongji/1025.html]
[jinyongxiaoshuo.com/old_yitiantulongji/1024.html]
[jinyongxiaoshuo.com/old_yitiantulongji/1023.html]
[jinyongxiaoshuo.com/old_yitiantulongji/1022.html]
[jinyongxiaoshuo.com/old_yitiantulongji/1021.html]
[jinyongxiaoshuo.com/old_yitiantulongji/1020.html]
[jinyongxiaoshuo.com/old_yitiantulongji/1019.html]
[jinyongxiaoshuo.com/old_yitiantulongji/1018.html]
[jinyongxiaoshuo.com/old_yitiantulongji/1017.html]
[jinyongxiaoshuo.com/old_yitiantulongji/1016.html]
[jinyongxiaoshuo.com/old_yitiantulongji/1015.html]
[jinyongxiaoshuo.com/old_yitiantulongji/1014.html]
[jinyongxiaoshuo.com/old_yitiantulongji/1013.html]
[jinyongxiaoshuo.com/old_yitiantulongji/1012.html]
[jinyongxiaoshuo.com/old_yitiantulongji/1011.html]
[jinyongxiaoshuo.com/old_yitiantulongji/1010.html]
[jinyongxiaoshuo.com/old_yitiantulongji/1009.html]
[jinyongxiaoshuo.com/old_yitiantulongji/1008.html]
[jinyongxiaoshuo.com/old_yitiantulongji/1007.html]
[jinyongxiaoshuo.com/old_yitiantulongji/1006.html]
[jinyongxiaoshuo.com/old_yitiantulongji/1005.html]
[jinyongxiaoshuo.com/old_yitiantulongji/1004.html]
[jinyongxiaoshuo.com/old_yitiantulongji/1003.html]
[jinyongxiaoshuo.com/old_yitiantulongji/1002.html]
[jinyongxiaoshuo.com/old_yitiantulongji/1001.html]
[jinyongxiaoshuo.com/old_yitiantulongji/1000.html]
[jinyongxiaoshuo.com/old_yitiantulongji/999.html]
[jinyongxiaoshuo.com/old_yitiantulongji/998.html]
[jinyongxiaoshuo.com/old_yitiantulongji/997.html]
[jinyongxiaoshuo.com/old_yitiantulongji/996.html]
[jinyongxiaoshuo.com/old_yitiantulongji/995.html]
[jinyongxiaoshuo.com/old_yitiantulongji/994.html]
[jinyongxiaoshuo.com/old_yitiantulongji/993.html]
[jinyongxiaoshuo.com/old_yitiantulongji/992.html]
[jinyongxiaoshuo.com/old_yitiantulongji/991.html]
[jinyongxiaoshuo.com/old_baimaxiaoxifeng/908.html]
[jinyongxiaoshuo.com/old_baimaxiaoxifeng/907.html]
[jinyongxiaoshuo.com/old_baimaxiaoxifeng/906.html]
[jinyongxiaoshuo.com/old_baimaxiaoxifeng/905.html]
[jinyongxiaoshuo.com/old_baimaxiaoxifeng/904.html]
[jinyongxiaoshuo.com/old_baimaxiaoxifeng/903.html]
[jinyongxiaoshuo.com/old_baimaxiaoxifeng/902.html]
[jinyongxiaoshuo.com/old_baimaxiaoxifeng/901.html]
[jinyongxiaoshuo.com/old_baimaxiaoxifeng/900.html]
[jinyongxiaoshuo.com/old_lianchengjue/1160.html]
[jinyongxiaoshuo.com/old_lianchengjue/1159.html]
[jinyongxiaoshuo.com/old_lianchengjue/1158.html]
[jinyongxiaoshuo.com/old_lianchengjue/1157.html]
[jinyongxiaoshuo.com/old_lianchengjue/1156.html]
[jinyongxiaoshuo.com/old_lianchengjue/1155.html]
[jinyongxiaoshuo.com/old_lianchengjue/1154.html]
[jinyongxiaoshuo.com/old_lianchengjue/1153.html]
[jinyongxiaoshuo.com/old_lianchengjue/1152.html]
[jinyongxiaoshuo.com/old_lianchengjue/1151.html]
[jinyongxiaoshuo.com/old_lianchengjue/1150.html]
[jinyongxiaoshuo.com/old_lianchengjue/1149.html]
[jinyongxiaoshuo.com/old_tianlongbabu/1343.html]
[jinyongxiaoshuo.com/old_tianlongbabu/1342.html]
[jinyongxiaoshuo.com/old_tianlongbabu/1341.html]
[jinyongxiaoshuo.com/old_tianlongbabu/1340.html]
[jinyongxiaoshuo.com/old_tianlongbabu/1339.html]
[jinyongxiaoshuo.com/old_tianlongbabu/1338.html]
[jinyongxiaoshuo.com/old_tianlongbabu/1337.html]
[jinyongxiaoshuo.com/old_tianlongbabu/1336.html]
[jinyongxiaoshuo.com/old_tianlongbabu/1335.html]
[jinyongxiaoshuo.com/old_tianlongbabu/1334.html]
[jinyongxiaoshuo.com/old_tianlongbabu/1333.html]
[jinyongxiaoshuo.com/old_tianlongbabu/1332.html]
[jinyongxiaoshuo.com/old_tianlongbabu/1331.html]
[jinyongxiaoshuo.com/old_tianlongbabu/1330.html]
[jinyongxiaoshuo.com/old_tianlongbabu/1329.html]
[jinyongxiaoshuo.com/old_tianlongbabu/1328.html]
[jinyongxiaoshuo.com/old_tianlongbabu/1327.html]
[jinyongxiaoshuo.com/old_tianlongbabu/1326.html]
[jinyongxiaoshuo.com/old_tianlongbabu/1325.html]
[jinyongxiaoshuo.com/old_tianlongbabu/1324.html]
[jinyongxiaoshuo.com/old_tianlongbabu/1323.html]
[jinyongxiaoshuo.com/old_tianlongbabu/1322.html]
[jinyongxiaoshuo.com/old_tianlongbabu/1321.html]
[jinyongxiaoshuo.com/old_tianlongbabu/1320.html]
[jinyongxiaoshuo.com/old_tianlongbabu/1319.html]
[jinyongxiaoshuo.com/old_tianlongbabu/1318.html]
[jinyongxiaoshuo.com/old_tianlongbabu/1317.html]
[jinyongxiaoshuo.com/old_tianlongbabu/1316.html]
[jinyongxiaoshuo.com/old_tianlongbabu/1315.html]
[jinyongxiaoshuo.com/old_tianlongbabu/1314.html]
[jinyongxiaoshuo.com/old_tianlongbabu/1313.html]
[jinyongxiaoshuo.com/old_tianlongbabu/1312.html]
[jinyongxiaoshuo.com/old_tianlongbabu/1311.html]
[jinyongxiaoshuo.com/old_tianlongbabu/1310.html]
[jinyongxiaoshuo.com/old_tianlongbabu/1309.html]
[jinyongxiaoshuo.com/old_tianlongbabu/1308.html]
[jinyongxiaoshuo.com/old_tianlongbabu/1307.html]
[jinyongxiaoshuo.com/old_tianlongbabu/1306.html]
[jinyongxiaoshuo.com/old_tianlongbabu/1305.html]
[jinyongxiaoshuo.com/old_tianlongbabu/1304.html]
[jinyongxiaoshuo.com/old_tianlongbabu/1303.html]
[jinyongxiaoshuo.com/old_tianlongbabu/1302.html]
[jinyongxiaoshuo.com/old_tianlongbabu/1301.html]
[jinyongxiaoshuo.com/old_tianlongbabu/1300.html]
[jinyongxiaoshuo.com/old_tianlongbabu/1299.html]
[jinyongxiaoshuo.com/old_tianlongbabu/1298.html]
[jinyongxiaoshuo.com/old_tianlongbabu/1297.html]
[jinyongxiaoshuo.com/old_tianlongbabu/1296.html]
[jinyongxiaoshuo.com/old_tianlongbabu/1295.html]
[jinyongxiaoshuo.com/old_tianlongbabu/1294.html]
[jinyongxiaoshuo.com/old_tianlongbabu/1293.html]
[jinyongxiaoshuo.com/old_tianlongbabu/1292.html]
[jinyongxiaoshuo.com/old_tianlongbabu/1291.html]
[jinyongxiaoshuo.com/old_tianlongbabu/1290.html]
[jinyongxiaoshuo.com/old_tianlongbabu/1289.html]
[jinyongxiaoshuo.com/old_tianlongbabu/1288.html]
[jinyongxiaoshuo.com/old_tianlongbabu/1287.html]
[jinyongxiaoshuo.com/old_tianlongbabu/1286.html]
[jinyongxiaoshuo.com/old_tianlongbabu/1285.html]
[jinyongxiaoshuo.com/old_tianlongbabu/1284.html]
[jinyongxiaoshuo.com/old_tianlongbabu/1283.html]
[jinyongxiaoshuo.com/old_tianlongbabu/1282.html]
[jinyongxiaoshuo.com/old_tianlongbabu/1281.html]
[jinyongxiaoshuo.com/old_tianlongbabu/1280.html]
[jinyongxiaoshuo.com/old_tianlongbabu/1279.html]
[jinyongxiaoshuo.com/old_tianlongbabu/1278.html]
[jinyongxiaoshuo.com/old_tianlongbabu/1277.html]
[jinyongxiaoshuo.com/old_tianlongbabu/1276.html]
[jinyongxiaoshuo.com/old_tianlongbabu/1275.html]
[jinyongxiaoshuo.com/old_tianlongbabu/1274.html]
[jinyongxiaoshuo.com/old_tianlongbabu/1273.html]
[jinyongxiaoshuo.com/old_tianlongbabu/1272.html]
[jinyongxiaoshuo.com/old_tianlongbabu/1271.html]
[jinyongxiaoshuo.com/old_tianlongbabu/1270.html]
[jinyongxiaoshuo.com/old_tianlongbabu/1269.html]
[jinyongxiaoshuo.com/old_tianlongbabu/1268.html]
[jinyongxiaoshuo.com/old_tianlongbabu/1267.html]
[jinyongxiaoshuo.com/old_tianlongbabu/1266.html]
[jinyongxiaoshuo.com/old_tianlongbabu/1265.html]
[jinyongxiaoshuo.com/old_tianlongbabu/1264.html]
[jinyongxiaoshuo.com/old_tianlongbabu/1263.html]
[jinyongxiaoshuo.com/old_tianlongbabu/1262.html]
[jinyongxiaoshuo.com/old_tianlongbabu/1261.html]
[jinyongxiaoshuo.com/old_tianlongbabu/1260.html]
[jinyongxiaoshuo.com/old_tianlongbabu/1259.html]
[jinyongxiaoshuo.com/old_tianlongbabu/1258.html]
[jinyongxiaoshuo.com/old_tianlongbabu/1257.html]
[jinyongxiaoshuo.com/old_tianlongbabu/1256.html]
[jinyongxiaoshuo.com/old_tianlongbabu/1255.html]
[jinyongxiaoshuo.com/old_tianlongbabu/1254.html]
[jinyongxiaoshuo.com/old_tianlongbabu/1253.html]
[jinyongxiaoshuo.com/old_tianlongbabu/1252.html]
[jinyongxiaoshuo.com/old_tianlongbabu/1251.html]
[jinyongxiaoshuo.com/old_tianlongbabu/1250.html]
[jinyongxiaoshuo.com/old_tianlongbabu/1249.html]
[jinyongxiaoshuo.com/old_tianlongbabu/1248.html]
[jinyongxiaoshuo.com/old_tianlongbabu/1247.html]
[jinyongxiaoshuo.com/old_tianlongbabu/1246.html]
[jinyongxiaoshuo.com/old_tianlongbabu/1245.html]
[jinyongxiaoshuo.com/old_tianlongbabu/1244.html]
[jinyongxiaoshuo.com/old_tianlongbabu/1243.html]
[jinyongxiaoshuo.com/old_tianlongbabu/1242.html]
[jinyongxiaoshuo.com/old_tianlongbabu/1241.html]
[jinyongxiaoshuo.com/old_tianlongbabu/1240.html]
[jinyongxiaoshuo.com/old_tianlongbabu/1239.html]
[jinyongxiaoshuo.com/old_tianlongbabu/1238.html]
[jinyongxiaoshuo.com/old_tianlongbabu/1237.html]
[jinyongxiaoshuo.com/old_tianlongbabu/1236.html]
[jinyongxiaoshuo.com/old_tianlongbabu/1235.html]
[jinyongxiaoshuo.com/old_tianlongbabu/1234.html]
[jinyongxiaoshuo.com/old_tianlongbabu/1233.html]
[jinyongxiaoshuo.com/old_tianlongbabu/1232.html]
[jinyongxiaoshuo.com/old_tianlongbabu/1231.html]
[jinyongxiaoshuo.com/old_tianlongbabu/1230.html]
[jinyongxiaoshuo.com/old_tianlongbabu/1229.html]
[jinyongxiaoshuo.com/old_tianlongbabu/1228.html]
[jinyongxiaoshuo.com/old_tianlongbabu/1227.html]
[jinyongxiaoshuo.com/old_tianlongbabu/1226.html]
[jinyongxiaoshuo.com/old_tianlongbabu/1225.html]
[jinyongxiaoshuo.com/old_tianlongbabu/1224.html]
[jinyongxiaoshuo.com/old_tianlongbabu/1223.html]
[jinyongxiaoshuo.com/old_tianlongbabu/1222.html]
[jinyongxiaoshuo.com/old_tianlongbabu/1221.html]
[jinyongxiaoshuo.com/old_tianlongbabu/1220.html]
[jinyongxiaoshuo.com/old_tianlongbabu/1219.html]
[jinyongxiaoshuo.com/old_tianlongbabu/1218.html]
[jinyongxiaoshuo.com/old_tianlongbabu/1217.html]
[jinyongxiaoshuo.com/old_tianlongbabu/1216.html]
[jinyongxiaoshuo.com/old_tianlongbabu/1215.html]
[jinyongxiaoshuo.com/old_tianlongbabu/1214.html]
[jinyongxiaoshuo.com/old_tianlongbabu/1213.html]
[jinyongxiaoshuo.com/old_tianlongbabu/1212.html]
[jinyongxiaoshuo.com/old_tianlongbabu/1211.html]
[jinyongxiaoshuo.com/old_tianlongbabu/1210.html]
[jinyongxiaoshuo.com/old_tianlongbabu/1209.html]
[jinyongxiaoshuo.com/old_tianlongbabu/1208.html]
[jinyongxiaoshuo.com/old_tianlongbabu/1207.html]
[jinyongxiaoshuo.com/old_tianlongbabu/1206.html]
[jinyongxiaoshuo.com/old_tianlongbabu/1205.html]
[jinyongxiaoshuo.com/old_tianlongbabu/1204.html]
[jinyongxiaoshuo.com/old_tianlongbabu/1203.html]
[jinyongxiaoshuo.com/old_xiakexing/1202.html]
[jinyongxiaoshuo.com/old_xiakexing/1201.html]
[jinyongxiaoshuo.com/old_xiakexing/1200.html]
[jinyongxiaoshuo.com/old_xiakexing/1199.html]
[jinyongxiaoshuo.com/old_xiakexing/1198.html]
[jinyongxiaoshuo.com/old_xiakexing/1197.html]
[jinyongxiaoshuo.com/old_xiakexing/1196.html]
[jinyongxiaoshuo.com/old_xiakexing/1195.html]
[jinyongxiaoshuo.com/old_xiakexing/1194.html]
[jinyongxiaoshuo.com/old_xiakexing/1193.html]
[jinyongxiaoshuo.com/old_xiakexing/1192.html]
[jinyongxiaoshuo.com/old_xiakexing/1191.html]
[jinyongxiaoshuo.com/old_xiakexing/1190.html]
[jinyongxiaoshuo.com/old_xiakexing/1189.html]
[jinyongxiaoshuo.com/old_xiakexing/1188.html]
[jinyongxiaoshuo.com/old_xiakexing/1187.html]
[jinyongxiaoshuo.com/old_xiakexing/1186.html]
[jinyongxiaoshuo.com/old_xiakexing/1185.html]
[jinyongxiaoshuo.com/old_xiakexing/1184.html]
[jinyongxiaoshuo.com/old_xiakexing/1183.html]
[jinyongxiaoshuo.com/old_xiakexing/1182.html]
[jinyongxiaoshuo.com/old_xiakexing/1181.html]
[jinyongxiaoshuo.com/old_xiakexing/1180.html]
[jinyongxiaoshuo.com/old_xiakexing/1179.html]
[jinyongxiaoshuo.com/old_xiakexing/1178.html]
[jinyongxiaoshuo.com/old_xiakexing/1177.html]
[jinyongxiaoshuo.com/old_xiakexing/1176.html]
[jinyongxiaoshuo.com/old_xiakexing/1175.html]
[jinyongxiaoshuo.com/old_xiakexing/1174.html]
[jinyongxiaoshuo.com/old_xiakexing/1173.html]
[jinyongxiaoshuo.com/old_xiakexing/1172.html]
[jinyongxiaoshuo.com/old_xiakexing/1171.html]
[jinyongxiaoshuo.com/old_xiakexing/1170.html]
[jinyongxiaoshuo.com/old_xiakexing/1169.html]
[jinyongxiaoshuo.com/old_xiakexing/1168.html]
[jinyongxiaoshuo.com/old_xiakexing/1167.html]
[jinyongxiaoshuo.com/old_xiakexing/1166.html]
[jinyongxiaoshuo.com/old_xiakexing/1165.html]
[jinyongxiaoshuo.com/old_xiakexing/1164.html]
[jinyongxiaoshuo.com/old_xiakexing/1163.html]
[jinyongxiaoshuo.com/old_xiakexing/1162.html]
[jinyongxiaoshuo.com/old_xiakexing/1161.html]
[jinyongxiaoshuo.com/old_xiaoaojianghu/1721.html]
[jinyongxiaoshuo.com/old_xiaoaojianghu/1720.html]
[jinyongxiaoshuo.com/old_xiaoaojianghu/1719.html]
[jinyongxiaoshuo.com/old_xiaoaojianghu/1718.html]
[jinyongxiaoshuo.com/old_xiaoaojianghu/1717.html]
[jinyongxiaoshuo.com/old_xiaoaojianghu/1716.html]
[jinyongxiaoshuo.com/old_xiaoaojianghu/1715.html]
[jinyongxiaoshuo.com/old_xiaoaojianghu/1714.html]
[jinyongxiaoshuo.com/old_xiaoaojianghu/1713.html]
[jinyongxiaoshuo.com/old_xiaoaojianghu/1712.html]
[jinyongxiaoshuo.com/old_xiaoaojianghu/1711.html]
[jinyongxiaoshuo.com/old_xiaoaojianghu/1710.html]
[jinyongxiaoshuo.com/old_xiaoaojianghu/1709.html]
[jinyongxiaoshuo.com/old_xiaoaojianghu/1708.html]
[jinyongxiaoshuo.com/old_xiaoaojianghu/1707.html]
[jinyongxiaoshuo.com/old_xiaoaojianghu/1706.html]
[jinyongxiaoshuo.com/old_xiaoaojianghu/1705.html]
[jinyongxiaoshuo.com/old_xiaoaojianghu/1704.html]
[jinyongxiaoshuo.com/old_xiaoaojianghu/1703.html]
[jinyongxiaoshuo.com/old_xiaoaojianghu/1702.html]
[jinyongxiaoshuo.com/old_xiaoaojianghu/1701.html]
[jinyongxiaoshuo.com/old_xiaoaojianghu/1700.html]
[jinyongxiaoshuo.com/old_xiaoaojianghu/1699.html]
[jinyongxiaoshuo.com/old_xiaoaojianghu/1698.html]
[jinyongxiaoshuo.com/old_xiaoaojianghu/1697.html]
[jinyongxiaoshuo.com/old_xiaoaojianghu/1696.html]
[jinyongxiaoshuo.com/old_xiaoaojianghu/1695.html]
[jinyongxiaoshuo.com/old_xiaoaojianghu/1694.html]
[jinyongxiaoshuo.com/old_xiaoaojianghu/1693.html]
[jinyongxiaoshuo.com/old_xiaoaojianghu/1692.html]
[jinyongxiaoshuo.com/old_xiaoaojianghu/1691.html]
[jinyongxiaoshuo.com/old_xiaoaojianghu/1690.html]
[jinyongxiaoshuo.com/old_xiaoaojianghu/1689.html]
[jinyongxiaoshuo.com/old_xiaoaojianghu/1688.html]
[jinyongxiaoshuo.com/old_xiaoaojianghu/1687.html]
[jinyongxiaoshuo.com/old_xiaoaojianghu/1686.html]
[jinyongxiaoshuo.com/old_xiaoaojianghu/1685.html]
[jinyongxiaoshuo.com/old_xiaoaojianghu/1684.html]
[jinyongxiaoshuo.com/old_xiaoaojianghu/1683.html]
[jinyongxiaoshuo.com/old_xiaoaojianghu/1682.html]
[jinyongxiaoshuo.com/old_xiaoaojianghu/1681.html]
[jinyongxiaoshuo.com/old_xiaoaojianghu/1680.html]
[jinyongxiaoshuo.com/old_xiaoaojianghu/1679.html]
[jinyongxiaoshuo.com/old_xiaoaojianghu/1678.html]
[jinyongxiaoshuo.com/old_xiaoaojianghu/1677.html]
[jinyongxiaoshuo.com/old_xiaoaojianghu/1676.html]
[jinyongxiaoshuo.com/old_xiaoaojianghu/1675.html]
[jinyongxiaoshuo.com/old_xiaoaojianghu/1674.html]
[jinyongxiaoshuo.com/old_xiaoaojianghu/1673.html]
[jinyongxiaoshuo.com/old_xiaoaojianghu/1672.html]
[jinyongxiaoshuo.com/old_xiaoaojianghu/1671.html]
[jinyongxiaoshuo.com/old_xiaoaojianghu/1670.html]
[jinyongxiaoshuo.com/old_xiaoaojianghu/1669.html]
[jinyongxiaoshuo.com/old_xiaoaojianghu/1668.html]
[jinyongxiaoshuo.com/old_xiaoaojianghu/1667.html]
[jinyongxiaoshuo.com/old_xiaoaojianghu/1666.html]
[jinyongxiaoshuo.com/old_xiaoaojianghu/1665.html]
[jinyongxiaoshuo.com/old_xiaoaojianghu/1664.html]
[jinyongxiaoshuo.com/old_xiaoaojianghu/1663.html]
[jinyongxiaoshuo.com/old_xiaoaojianghu/1662.html]
[jinyongxiaoshuo.com/old_xiaoaojianghu/1661.html]
[jinyongxiaoshuo.com/old_xiaoaojianghu/1660.html]
[jinyongxiaoshuo.com/old_xiaoaojianghu/1659.html]
[jinyongxiaoshuo.com/old_xiaoaojianghu/1658.html]
[jinyongxiaoshuo.com/old_xiaoaojianghu/1657.html]
[jinyongxiaoshuo.com/old_xiaoaojianghu/1656.html]
[jinyongxiaoshuo.com/old_xiaoaojianghu/1655.html]
[jinyongxiaoshuo.com/old_xiaoaojianghu/1654.html]
[jinyongxiaoshuo.com/old_xiaoaojianghu/1653.html]
[jinyongxiaoshuo.com/old_xiaoaojianghu/1652.html]
[jinyongxiaoshuo.com/old_xiaoaojianghu/1651.html]
[jinyongxiaoshuo.com/old_xiaoaojianghu/1650.html]
[jinyongxiaoshuo.com/old_xiaoaojianghu/1649.html]
[jinyongxiaoshuo.com/old_xiaoaojianghu/1648.html]
[jinyongxiaoshuo.com/old_xiaoaojianghu/1647.html]
[jinyongxiaoshuo.com/old_xiaoaojianghu/1646.html]
[jinyongxiaoshuo.com/old_xiaoaojianghu/1645.html]
[jinyongxiaoshuo.com/old_xiaoaojianghu/1644.html]
[jinyongxiaoshuo.com/old_xiaoaojianghu/1643.html]
[jinyongxiaoshuo.com/old_xiaoaojianghu/1642.html]
[jinyongxiaoshuo.com/old_xiaoaojianghu/1641.html]
[jinyongxiaoshuo.com/old_xiaoaojianghu/1640.html]
[jinyongxiaoshuo.com/old_xiaoaojianghu/1639.html]
[jinyongxiaoshuo.com/old_xiaoaojianghu/1638.html]
[jinyongxiaoshuo.com/old_xiaoaojianghu/1637.html]
[jinyongxiaoshuo.com/old_xiaoaojianghu/1636.html]
[jinyongxiaoshuo.com/old_xiaoaojianghu/1635.html]
[jinyongxiaoshuo.com/old_xiaoaojianghu/1634.html]
[jinyongxiaoshuo.com/old_xiaoaojianghu/1633.html]
[jinyongxiaoshuo.com/old_xiaoaojianghu/1632.html]
[jinyongxiaoshuo.com/old_xiaoaojianghu/1631.html]
[jinyongxiaoshuo.com/old_xiaoaojianghu/1630.html]
[jinyongxiaoshuo.com/old_xiaoaojianghu/1629.html]
[jinyongxiaoshuo.com/old_xiaoaojianghu/1628.html]
[jinyongxiaoshuo.com/old_xiaoaojianghu/1627.html]
[jinyongxiaoshuo.com/old_xiaoaojianghu/1626.html]
[jinyongxiaoshuo.com/old_ludingji/1918.html]
[jinyongxiaoshuo.com/old_ludingji/1917.html]
[jinyongxiaoshuo.com/old_ludingji/1916.html]
[jinyongxiaoshuo.com/old_ludingji/1915.html]
[jinyongxiaoshuo.com/old_ludingji/1914.html]
[jinyongxiaoshuo.com/old_ludingji/1913.html]
[jinyongxiaoshuo.com/old_ludingji/1912.html]
[jinyongxiaoshuo.com/old_ludingji/1911.html]
[jinyongxiaoshuo.com/old_ludingji/1910.html]
[jinyongxiaoshuo.com/old_ludingji/1909.html]
[jinyongxiaoshuo.com/old_ludingji/1908.html]
[jinyongxiaoshuo.com/old_ludingji/1907.html]
[jinyongxiaoshuo.com/old_ludingji/1906.html]
[jinyongxiaoshuo.com/old_ludingji/1905.html]
[jinyongxiaoshuo.com/old_ludingji/1904.html]
[jinyongxiaoshuo.com/old_ludingji/1903.html]
[jinyongxiaoshuo.com/old_ludingji/1902.html]
[jinyongxiaoshuo.com/old_ludingji/1901.html]
[jinyongxiaoshuo.com/old_ludingji/1900.html]
[jinyongxiaoshuo.com/old_ludingji/1899.html]
[jinyongxiaoshuo.com/old_ludingji/1898.html]
[jinyongxiaoshuo.com/old_ludingji/1897.html]
[jinyongxiaoshuo.com/old_ludingji/1896.html]
[jinyongxiaoshuo.com/old_ludingji/1895.html]
[jinyongxiaoshuo.com/old_ludingji/1894.html]
[jinyongxiaoshuo.com/old_ludingji/1893.html]
[jinyongxiaoshuo.com/old_ludingji/1892.html]
[jinyongxiaoshuo.com/old_ludingji/1891.html]
[jinyongxiaoshuo.com/old_ludingji/1890.html]
[jinyongxiaoshuo.com/old_ludingji/1889.html]
[jinyongxiaoshuo.com/old_ludingji/1888.html]
[jinyongxiaoshuo.com/old_ludingji/1887.html]
[jinyongxiaoshuo.com/old_ludingji/1886.html]
[jinyongxiaoshuo.com/old_ludingji/1885.html]
[jinyongxiaoshuo.com/old_ludingji/1884.html]
[jinyongxiaoshuo.com/old_ludingji/1883.html]
[jinyongxiaoshuo.com/old_ludingji/1882.html]
[jinyongxiaoshuo.com/old_ludingji/1881.html]
[jinyongxiaoshuo.com/old_ludingji/1880.html]
[jinyongxiaoshuo.com/old_ludingji/1879.html]
[jinyongxiaoshuo.com/old_ludingji/1878.html]
[jinyongxiaoshuo.com/old_ludingji/1877.html]
[jinyongxiaoshuo.com/old_ludingji/1876.html]
[jinyongxiaoshuo.com/old_ludingji/1875.html]
[jinyongxiaoshuo.com/old_ludingji/1874.html]
[jinyongxiaoshuo.com/old_ludingji/1873.html]
[jinyongxiaoshuo.com/old_ludingji/1872.html]
[jinyongxiaoshuo.com/old_ludingji/1871.html]
[jinyongxiaoshuo.com/old_ludingji/1870.html]
[jinyongxiaoshuo.com/old_ludingji/1869.html]
[jinyongxiaoshuo.com/old_ludingji/1868.html]
[jinyongxiaoshuo.com/old_ludingji/1867.html]
[jinyongxiaoshuo.com/old_ludingji/1866.html]
[jinyongxiaoshuo.com/old_ludingji/1865.html]
[jinyongxiaoshuo.com/old_ludingji/1864.html]
[jinyongxiaoshuo.com/old_ludingji/1863.html]
[jinyongxiaoshuo.com/old_ludingji/1862.html]
[jinyongxiaoshuo.com/old_ludingji/1861.html]
[jinyongxiaoshuo.com/old_ludingji/1860.html]
[jinyongxiaoshuo.com/old_ludingji/1859.html]
[jinyongxiaoshuo.com/old_ludingji/1858.html]
[jinyongxiaoshuo.com/old_ludingji/1857.html]
[jinyongxiaoshuo.com/old_ludingji/1856.html]
[jinyongxiaoshuo.com/old_ludingji/1855.html]
[jinyongxiaoshuo.com/old_ludingji/1854.html]
[jinyongxiaoshuo.com/old_ludingji/1853.html]
[jinyongxiaoshuo.com/old_ludingji/1852.html]
[jinyongxiaoshuo.com/old_ludingji/1851.html]
[jinyongxiaoshuo.com/old_ludingji/1850.html]
[jinyongxiaoshuo.com/old_ludingji/1849.html]
[jinyongxiaoshuo.com/old_ludingji/1848.html]
[jinyongxiaoshuo.com/old_ludingji/1847.html]
[jinyongxiaoshuo.com/old_ludingji/1846.html]
[jinyongxiaoshuo.com/old_ludingji/1845.html]
[jinyongxiaoshuo.com/old_ludingji/1844.html]
[jinyongxiaoshuo.com/old_ludingji/1843.html]
[jinyongxiaoshuo.com/old_ludingji/1842.html]
[jinyongxiaoshuo.com/old_ludingji/1841.html]
[jinyongxiaoshuo.com/old_ludingji/1840.html]
[jinyongxiaoshuo.com/old_ludingji/1839.html]
[jinyongxiaoshuo.com/old_ludingji/1838.html]
[jinyongxiaoshuo.com/old_ludingji/1837.html]
[jinyongxiaoshuo.com/old_ludingji/1836.html]
[jinyongxiaoshuo.com/old_ludingji/1835.html]
[jinyongxiaoshuo.com/old_ludingji/1834.html]
[jinyongxiaoshuo.com/old_ludingji/1833.html]
[jinyongxiaoshuo.com/old_ludingji/1832.html]
[jinyongxiaoshuo.com/old_ludingji/1831.html]
[jinyongxiaoshuo.com/old_ludingji/1830.html]
[jinyongxiaoshuo.com/old_ludingji/1829.html]
[jinyongxiaoshuo.com/old_ludingji/1828.html]
[jinyongxiaoshuo.com/old_ludingji/1827.html]
[jinyongxiaoshuo.com/old_ludingji/1826.html]
[jinyongxiaoshuo.com/old_ludingji/1825.html]
[jinyongxiaoshuo.com/old_ludingji/1824.html]
[jinyongxiaoshuo.com/old_ludingji/1823.html]
[jinyongxiaoshuo.com/old_ludingji/1822.html]
[jinyongxiaoshuo.com/old_ludingji/1821.html]
[jinyongxiaoshuo.com/old_ludingji/1820.html]
[jinyongxiaoshuo.com/old_ludingji/1819.html]
[jinyongxiaoshuo.com/old_ludingji/1818.html]
[jinyongxiaoshuo.com/old_ludingji/1817.html]
[jinyongxiaoshuo.com/old_ludingji/1816.html]
[jinyongxiaoshuo.com/old_ludingji/1815.html]
[jinyongxiaoshuo.com/old_ludingji/1814.html]
[jinyongxiaoshuo.com/old_ludingji/1813.html]
[jinyongxiaoshuo.com/old_ludingji/1812.html]
[jinyongxiaoshuo.com/old_ludingji/1811.html]
[jinyongxiaoshuo.com/old_ludingji/1810.html]
[jinyongxiaoshuo.com/old_ludingji/1809.html]
[jinyongxiaoshuo.com/old_ludingji/1808.html]
[jinyongxiaoshuo.com/old_ludingji/1807.html]
[jinyongxiaoshuo.com/old_ludingji/1806.html]
[jinyongxiaoshuo.com/old_ludingji/1805.html]
[jinyongxiaoshuo.com/old_ludingji/1804.html]
[jinyongxiaoshuo.com/old_ludingji/1803.html]
[jinyongxiaoshuo.com/old_ludingji/1802.html]
[jinyongxiaoshuo.com/old_ludingji/1801.html]
[jinyongxiaoshuo.com/old_ludingji/1800.html]
[jinyongxiaoshuo.com/old_ludingji/1799.html]
[jinyongxiaoshuo.com/old_ludingji/1798.html]
[jinyongxiaoshuo.com/old_ludingji/1797.html]
[jinyongxiaoshuo.com/old_ludingji/1796.html]
[jinyongxiaoshuo.com/old_ludingji/1795.html]
[jinyongxiaoshuo.com/old_ludingji/1794.html]
[jinyongxiaoshuo.com/old_ludingji/1793.html]
[jinyongxiaoshuo.com/old_ludingji/1792.html]
[jinyongxiaoshuo.com/old_ludingji/1791.html]
[jinyongxiaoshuo.com/old_ludingji/1790.html]
[jinyongxiaoshuo.com/old_ludingji/1789.html]
[jinyongxiaoshuo.com/old_ludingji/1788.html]
[jinyongxiaoshuo.com/old_ludingji/1787.html]
[jinyongxiaoshuo.com/old_ludingji/1786.html]
[jinyongxiaoshuo.com/old_ludingji/1785.html]
[jinyongxiaoshuo.com/old_ludingji/1784.html]
[jinyongxiaoshuo.com/old_ludingji/1783.html]
[jinyongxiaoshuo.com/old_ludingji/1782.html]
[jinyongxiaoshuo.com/old_ludingji/1781.html]
[jinyongxiaoshuo.com/old_ludingji/1780.html]
[jinyongxiaoshuo.com/old_ludingji/1779.html]
[jinyongxiaoshuo.com/old_ludingji/1778.html]
[jinyongxiaoshuo.com/old_ludingji/1777.html]
[jinyongxiaoshuo.com/old_ludingji/1776.html]
[jinyongxiaoshuo.com/old_ludingji/1775.html]
[jinyongxiaoshuo.com/old_ludingji/1774.html]
[jinyongxiaoshuo.com/old_ludingji/1773.html]
[jinyongxiaoshuo.com/old_yuenvjian/165.html]
[jinyongxiaoshuo.com/new_shujianenchoulu/1939.html]
[jinyongxiaoshuo.com/new_shujianenchoulu/1938.html]
[jinyongxiaoshuo.com/new_shujianenchoulu/1937.html]
[jinyongxiaoshuo.com/new_shujianenchoulu/1936.html]
[jinyongxiaoshuo.com/new_shujianenchoulu/1935.html]
[jinyongxiaoshuo.com/new_shujianenchoulu/1934.html]
[jinyongxiaoshuo.com/new_shujianenchoulu/1933.html]
[jinyongxiaoshuo.com/new_shujianenchoulu/1932.html]
[jinyongxiaoshuo.com/new_shujianenchoulu/1931.html]
[jinyongxiaoshuo.com/new_shujianenchoulu/1930.html]
[jinyongxiaoshuo.com/new_shujianenchoulu/1929.html]
[jinyongxiaoshuo.com/new_shujianenchoulu/1928.html]
[jinyongxiaoshuo.com/new_shujianenchoulu/1927.html]
[jinyongxiaoshuo.com/new_shujianenchoulu/1926.html]
[jinyongxiaoshuo.com/new_shujianenchoulu/1925.html]
[jinyongxiaoshuo.com/new_shujianenchoulu/1924.html]
[jinyongxiaoshuo.com/new_shujianenchoulu/1923.html]
[jinyongxiaoshuo.com/new_shujianenchoulu/1922.html]
[jinyongxiaoshuo.com/new_shujianenchoulu/1921.html]
[jinyongxiaoshuo.com/new_shujianenchoulu/1920.html]
[jinyongxiaoshuo.com/new_shujianenchoulu/1919.html]
[jinyongxiaoshuo.com/new_bixuejian/287.html]
[jinyongxiaoshuo.com/new_bixuejian/286.html]
[jinyongxiaoshuo.com/new_bixuejian/285.html]
[jinyongxiaoshuo.com/new_bixuejian/284.html]
[jinyongxiaoshuo.com/new_bixuejian/283.html]
[jinyongxiaoshuo.com/new_bixuejian/282.html]
[jinyongxiaoshuo.com/new_bixuejian/281.html]
[jinyongxiaoshuo.com/new_bixuejian/280.html]
[jinyongxiaoshuo.com/new_bixuejian/279.html]
[jinyongxiaoshuo.com/new_bixuejian/278.html]
[jinyongxiaoshuo.com/new_bixuejian/277.html]
[jinyongxiaoshuo.com/new_bixuejian/276.html]
[jinyongxiaoshuo.com/new_bixuejian/275.html]
[jinyongxiaoshuo.com/new_bixuejian/274.html]
[jinyongxiaoshuo.com/new_bixuejian/273.html]
[jinyongxiaoshuo.com/new_bixuejian/272.html]
[jinyongxiaoshuo.com/new_bixuejian/271.html]
[jinyongxiaoshuo.com/new_bixuejian/270.html]
[jinyongxiaoshuo.com/new_bixuejian/269.html]
[jinyongxiaoshuo.com/new_bixuejian/268.html]
[jinyongxiaoshuo.com/new_bixuejian/267.html]
[jinyongxiaoshuo.com/new_bixuejian/266.html]
[jinyongxiaoshuo.com/new_shediaoyingxiongzhuan/415.html]
[jinyongxiaoshuo.com/new_shediaoyingxiongzhuan/414.html]
[jinyongxiaoshuo.com/new_shediaoyingxiongzhuan/413.html]
[jinyongxiaoshuo.com/new_shediaoyingxiongzhuan/412.html]
[jinyongxiaoshuo.com/new_shediaoyingxiongzhuan/411.html]
[jinyongxiaoshuo.com/new_shediaoyingxiongzhuan/410.html]
[jinyongxiaoshuo.com/new_shediaoyingxiongzhuan/409.html]
[jinyongxiaoshuo.com/new_shediaoyingxiongzhuan/408.html]
[jinyongxiaoshuo.com/new_shediaoyingxiongzhuan/407.html]
[jinyongxiaoshuo.com/new_shediaoyingxiongzhuan/406.html]
[jinyongxiaoshuo.com/new_shediaoyingxiongzhuan/405.html]
[jinyongxiaoshuo.com/new_shediaoyingxiongzhuan/404.html]
[jinyongxiaoshuo.com/new_shediaoyingxiongzhuan/403.html]
[jinyongxiaoshuo.com/new_shediaoyingxiongzhuan/402.html]
[jinyongxiaoshuo.com/new_shediaoyingxiongzhuan/401.html]
[jinyongxiaoshuo.com/new_shediaoyingxiongzhuan/400.html]
[jinyongxiaoshuo.com/new_shediaoyingxiongzhuan/399.html]
[jinyongxiaoshuo.com/new_shediaoyingxiongzhuan/398.html]
[jinyongxiaoshuo.com/new_shediaoyingxiongzhuan/397.html]
[jinyongxiaoshuo.com/new_shediaoyingxiongzhuan/396.html]
[jinyongxiaoshuo.com/new_shediaoyingxiongzhuan/395.html]
[jinyongxiaoshuo.com/new_shediaoyingxiongzhuan/394.html]
[jinyongxiaoshuo.com/new_shediaoyingxiongzhuan/393.html]
[jinyongxiaoshuo.com/new_shediaoyingxiongzhuan/392.html]
[jinyongxiaoshuo.com/new_shediaoyingxiongzhuan/391.html]
[jinyongxiaoshuo.com/new_shediaoyingxiongzhuan/390.html]
[jinyongxiaoshuo.com/new_shediaoyingxiongzhuan/389.html]
[jinyongxiaoshuo.com/new_shediaoyingxiongzhuan/388.html]
[jinyongxiaoshuo.com/new_shediaoyingxiongzhuan/387.html]
[jinyongxiaoshuo.com/new_shediaoyingxiongzhuan/386.html]
[jinyongxiaoshuo.com/new_shediaoyingxiongzhuan/385.html]
[jinyongxiaoshuo.com/new_shediaoyingxiongzhuan/384.html]
[jinyongxiaoshuo.com/new_shediaoyingxiongzhuan/383.html]
[jinyongxiaoshuo.com/new_shediaoyingxiongzhuan/382.html]
[jinyongxiaoshuo.com/new_shediaoyingxiongzhuan/381.html]
[jinyongxiaoshuo.com/new_shediaoyingxiongzhuan/380.html]
[jinyongxiaoshuo.com/new_shediaoyingxiongzhuan/379.html]
[jinyongxiaoshuo.com/new_shediaoyingxiongzhuan/378.html]
[jinyongxiaoshuo.com/new_shediaoyingxiongzhuan/377.html]
[jinyongxiaoshuo.com/new_shediaoyingxiongzhuan/376.html]
[jinyongxiaoshuo.com/new_shediaoyingxiongzhuan/375.html]
[jinyongxiaoshuo.com/new_shediaoyingxiongzhuan/374.html]
[jinyongxiaoshuo.com/new_xueshanfeihu/487.html]
[jinyongxiaoshuo.com/new_xueshanfeihu/486.html]
[jinyongxiaoshuo.com/new_xueshanfeihu/485.html]
[jinyongxiaoshuo.com/new_xueshanfeihu/484.html]
[jinyongxiaoshuo.com/new_xueshanfeihu/483.html]
[jinyongxiaoshuo.com/new_xueshanfeihu/482.html]
[jinyongxiaoshuo.com/new_xueshanfeihu/481.html]
[jinyongxiaoshuo.com/new_xueshanfeihu/480.html]
[jinyongxiaoshuo.com/new_xueshanfeihu/479.html]
[jinyongxiaoshuo.com/new_xueshanfeihu/478.html]
[jinyongxiaoshuo.com/new_xueshanfeihu/477.html]
[jinyongxiaoshuo.com/new_shendiaoxialv/699.html]
[jinyongxiaoshuo.com/new_shendiaoxialv/698.html]
[jinyongxiaoshuo.com/new_shendiaoxialv/697.html]
[jinyongxiaoshuo.com/new_shendiaoxialv/696.html]
[jinyongxiaoshuo.com/new_shendiaoxialv/695.html]
[jinyongxiaoshuo.com/new_shendiaoxialv/694.html]
[jinyongxiaoshuo.com/new_shendiaoxialv/693.html]
[jinyongxiaoshuo.com/new_shendiaoxialv/692.html]
[jinyongxiaoshuo.com/new_shendiaoxialv/691.html]
[jinyongxiaoshuo.com/new_shendiaoxialv/690.html]
[jinyongxiaoshuo.com/new_shendiaoxialv/689.html]
[jinyongxiaoshuo.com/new_shendiaoxialv/688.html]
[jinyongxiaoshuo.com/new_shendiaoxialv/687.html]
[jinyongxiaoshuo.com/new_shendiaoxialv/686.html]
[jinyongxiaoshuo.com/new_shendiaoxialv/685.html]
[jinyongxiaoshuo.com/new_shendiaoxialv/684.html]
[jinyongxiaoshuo.com/new_shendiaoxialv/683.html]
[jinyongxiaoshuo.com/new_shendiaoxialv/682.html]
[jinyongxiaoshuo.com/new_shendiaoxialv/681.html]
[jinyongxiaoshuo.com/new_shendiaoxialv/680.html]
[jinyongxiaoshuo.com/new_shendiaoxialv/679.html]
[jinyongxiaoshuo.com/new_shendiaoxialv/678.html]
[jinyongxiaoshuo.com/new_shendiaoxialv/677.html]
[jinyongxiaoshuo.com/new_shendiaoxialv/676.html]
[jinyongxiaoshuo.com/new_shendiaoxialv/675.html]
[jinyongxiaoshuo.com/new_shendiaoxialv/674.html]
[jinyongxiaoshuo.com/new_shendiaoxialv/673.html]
[jinyongxiaoshuo.com/new_shendiaoxialv/672.html]
[jinyongxiaoshuo.com/new_shendiaoxialv/671.html]
[jinyongxiaoshuo.com/new_shendiaoxialv/670.html]
[jinyongxiaoshuo.com/new_shendiaoxialv/669.html]
[jinyongxiaoshuo.com/new_shendiaoxialv/668.html]
[jinyongxiaoshuo.com/new_shendiaoxialv/667.html]
[jinyongxiaoshuo.com/new_shendiaoxialv/666.html]
[jinyongxiaoshuo.com/new_shendiaoxialv/665.html]
[jinyongxiaoshuo.com/new_shendiaoxialv/664.html]
[jinyongxiaoshuo.com/new_shendiaoxialv/663.html]
[jinyongxiaoshuo.com/new_shendiaoxialv/662.html]
[jinyongxiaoshuo.com/new_shendiaoxialv/661.html]
[jinyongxiaoshuo.com/new_shendiaoxialv/660.html]
[jinyongxiaoshuo.com/new_shendiaoxialv/659.html]
[jinyongxiaoshuo.com/new_shendiaoxialv/658.html]
[jinyongxiaoshuo.com/new_feihuwaizhuan/789.html]
[jinyongxiaoshuo.com/new_feihuwaizhuan/788.html]
[jinyongxiaoshuo.com/new_feihuwaizhuan/787.html]
[jinyongxiaoshuo.com/new_feihuwaizhuan/786.html]
[jinyongxiaoshuo.com/new_feihuwaizhuan/785.html]
[jinyongxiaoshuo.com/new_feihuwaizhuan/784.html]
[jinyongxiaoshuo.com/new_feihuwaizhuan/783.html]
[jinyongxiaoshuo.com/new_feihuwaizhuan/782.html]
[jinyongxiaoshuo.com/new_feihuwaizhuan/781.html]
[jinyongxiaoshuo.com/new_feihuwaizhuan/780.html]
[jinyongxiaoshuo.com/new_feihuwaizhuan/779.html]
[jinyongxiaoshuo.com/new_feihuwaizhuan/778.html]
[jinyongxiaoshuo.com/new_feihuwaizhuan/777.html]
[jinyongxiaoshuo.com/new_feihuwaizhuan/776.html]
[jinyongxiaoshuo.com/new_feihuwaizhuan/775.html]
[jinyongxiaoshuo.com/new_feihuwaizhuan/774.html]
[jinyongxiaoshuo.com/new_feihuwaizhuan/773.html]
[jinyongxiaoshuo.com/new_feihuwaizhuan/772.html]
[jinyongxiaoshuo.com/new_feihuwaizhuan/771.html]
[jinyongxiaoshuo.com/new_feihuwaizhuan/770.html]
[jinyongxiaoshuo.com/new_feihuwaizhuan/769.html]
[jinyongxiaoshuo.com/new_yuanyangdao/170.html]
[jinyongxiaoshuo.com/new_yitiantulongji/990.html]
[jinyongxiaoshuo.com/new_yitiantulongji/989.html]
[jinyongxiaoshuo.com/new_yitiantulongji/988.html]
[jinyongxiaoshuo.com/new_yitiantulongji/987.html]
[jinyongxiaoshuo.com/new_yitiantulongji/986.html]
[jinyongxiaoshuo.com/new_yitiantulongji/985.html]
[jinyongxiaoshuo.com/new_yitiantulongji/984.html]
[jinyongxiaoshuo.com/new_yitiantulongji/983.html]
[jinyongxiaoshuo.com/new_yitiantulongji/982.html]
[jinyongxiaoshuo.com/new_yitiantulongji/981.html]
[jinyongxiaoshuo.com/new_yitiantulongji/980.html]
[jinyongxiaoshuo.com/new_yitiantulongji/979.html]
[jinyongxiaoshuo.com/new_yitiantulongji/978.html]
[jinyongxiaoshuo.com/new_yitiantulongji/977.html]
[jinyongxiaoshuo.com/new_yitiantulongji/976.html]
[jinyongxiaoshuo.com/new_yitiantulongji/975.html]
[jinyongxiaoshuo.com/new_yitiantulongji/974.html]
[jinyongxiaoshuo.com/new_yitiantulongji/973.html]
[jinyongxiaoshuo.com/new_yitiantulongji/972.html]
[jinyongxiaoshuo.com/new_yitiantulongji/971.html]
[jinyongxiaoshuo.com/new_yitiantulongji/970.html]
[jinyongxiaoshuo.com/new_yitiantulongji/969.html]
[jinyongxiaoshuo.com/new_yitiantulongji/968.html]
[jinyongxiaoshuo.com/new_yitiantulongji/967.html]
[jinyongxiaoshuo.com/new_yitiantulongji/966.html]
[jinyongxiaoshuo.com/new_yitiantulongji/965.html]
[jinyongxiaoshuo.com/new_yitiantulongji/964.html]
[jinyongxiaoshuo.com/new_yitiantulongji/963.html]
[jinyongxiaoshuo.com/new_yitiantulongji/962.html]
[jinyongxiaoshuo.com/new_yitiantulongji/961.html]
[jinyongxiaoshuo.com/new_yitiantulongji/960.html]
[jinyongxiaoshuo.com/new_yitiantulongji/959.html]
[jinyongxiaoshuo.com/new_yitiantulongji/958.html]
[jinyongxiaoshuo.com/new_yitiantulongji/957.html]
[jinyongxiaoshuo.com/new_yitiantulongji/956.html]
[jinyongxiaoshuo.com/new_yitiantulongji/955.html]
[jinyongxiaoshuo.com/new_yitiantulongji/954.html]
[jinyongxiaoshuo.com/new_yitiantulongji/953.html]
[jinyongxiaoshuo.com/new_yitiantulongji/952.html]
[jinyongxiaoshuo.com/new_yitiantulongji/951.html]
[jinyongxiaoshuo.com/new_yitiantulongji/950.html]
[jinyongxiaoshuo.com/new_baimaxiaoxifeng/1122.html]
[jinyongxiaoshuo.com/new_baimaxiaoxifeng/1121.html]
[jinyongxiaoshuo.com/new_baimaxiaoxifeng/1120.html]
[jinyongxiaoshuo.com/new_baimaxiaoxifeng/1119.html]
[jinyongxiaoshuo.com/new_baimaxiaoxifeng/1118.html]
[jinyongxiaoshuo.com/new_baimaxiaoxifeng/1117.html]
[jinyongxiaoshuo.com/new_baimaxiaoxifeng/1116.html]
[jinyongxiaoshuo.com/new_baimaxiaoxifeng/1115.html]
[jinyongxiaoshuo.com/new_baimaxiaoxifeng/1114.html]
[jinyongxiaoshuo.com/new_lianchengjue/1135.html]
[jinyongxiaoshuo.com/new_lianchengjue/1134.html]
[jinyongxiaoshuo.com/new_lianchengjue/1133.html]
[jinyongxiaoshuo.com/new_lianchengjue/1132.html]
[jinyongxiaoshuo.com/new_lianchengjue/1131.html]
[jinyongxiaoshuo.com/new_lianchengjue/1130.html]
[jinyongxiaoshuo.com/new_lianchengjue/1129.html]
[jinyongxiaoshuo.com/new_lianchengjue/1128.html]
[jinyongxiaoshuo.com/new_lianchengjue/1127.html]
[jinyongxiaoshuo.com/new_lianchengjue/1126.html]
[jinyongxiaoshuo.com/new_lianchengjue/1125.html]
[jinyongxiaoshuo.com/new_lianchengjue/1124.html]
[jinyongxiaoshuo.com/new_lianchengjue/1123.html]
[jinyongxiaoshuo.com/new_tianlongbabu/1491.html]
[jinyongxiaoshuo.com/new_tianlongbabu/1490.html]
[jinyongxiaoshuo.com/new_tianlongbabu/1489.html]
[jinyongxiaoshuo.com/new_tianlongbabu/1488.html]
[jinyongxiaoshuo.com/new_tianlongbabu/1487.html]
[jinyongxiaoshuo.com/new_tianlongbabu/1486.html]
[jinyongxiaoshuo.com/new_tianlongbabu/1485.html]
[jinyongxiaoshuo.com/new_tianlongbabu/1484.html]
[jinyongxiaoshuo.com/new_tianlongbabu/1483.html]
[jinyongxiaoshuo.com/new_tianlongbabu/1482.html]
[jinyongxiaoshuo.com/new_tianlongbabu/1481.html]
[jinyongxiaoshuo.com/new_tianlongbabu/1480.html]
[jinyongxiaoshuo.com/new_tianlongbabu/1479.html]
[jinyongxiaoshuo.com/new_tianlongbabu/1478.html]
[jinyongxiaoshuo.com/new_tianlongbabu/1477.html]
[jinyongxiaoshuo.com/new_tianlongbabu/1476.html]
[jinyongxiaoshuo.com/new_tianlongbabu/1475.html]
[jinyongxiaoshuo.com/new_tianlongbabu/1474.html]
[jinyongxiaoshuo.com/new_tianlongbabu/1473.html]
[jinyongxiaoshuo.com/new_tianlongbabu/1472.html]
[jinyongxiaoshuo.com/new_tianlongbabu/1471.html]
[jinyongxiaoshuo.com/new_tianlongbabu/1470.html]
[jinyongxiaoshuo.com/new_tianlongbabu/1469.html]
[jinyongxiaoshuo.com/new_tianlongbabu/1468.html]
[jinyongxiaoshuo.com/new_tianlongbabu/1467.html]
[jinyongxiaoshuo.com/new_tianlongbabu/1466.html]
[jinyongxiaoshuo.com/new_tianlongbabu/1465.html]
[jinyongxiaoshuo.com/new_tianlongbabu/1464.html]
[jinyongxiaoshuo.com/new_tianlongbabu/1463.html]
[jinyongxiaoshuo.com/new_tianlongbabu/1462.html]
[jinyongxiaoshuo.com/new_tianlongbabu/1461.html]
[jinyongxiaoshuo.com/new_tianlongbabu/1460.html]
[jinyongxiaoshuo.com/new_tianlongbabu/1459.html]
[jinyongxiaoshuo.com/new_tianlongbabu/1458.html]
[jinyongxiaoshuo.com/new_tianlongbabu/1457.html]
[jinyongxiaoshuo.com/new_tianlongbabu/1456.html]
[jinyongxiaoshuo.com/new_tianlongbabu/1455.html]
[jinyongxiaoshuo.com/new_tianlongbabu/1454.html]
[jinyongxiaoshuo.com/new_tianlongbabu/1453.html]
[jinyongxiaoshuo.com/new_tianlongbabu/1452.html]
[jinyongxiaoshuo.com/new_tianlongbabu/1451.html]
[jinyongxiaoshuo.com/new_tianlongbabu/1450.html]
[jinyongxiaoshuo.com/new_tianlongbabu/1449.html]
[jinyongxiaoshuo.com/new_tianlongbabu/1448.html]
[jinyongxiaoshuo.com/new_tianlongbabu/1447.html]
[jinyongxiaoshuo.com/new_tianlongbabu/1446.html]
[jinyongxiaoshuo.com/new_tianlongbabu/1445.html]
[jinyongxiaoshuo.com/new_tianlongbabu/1444.html]
[jinyongxiaoshuo.com/new_tianlongbabu/1443.html]
[jinyongxiaoshuo.com/new_tianlongbabu/1442.html]
[jinyongxiaoshuo.com/new_tianlongbabu/1441.html]
[jinyongxiaoshuo.com/new_tianlongbabu/1440.html]
[jinyongxiaoshuo.com/new_tianlongbabu/1439.html]
[jinyongxiaoshuo.com/new_xiakexing/1385.html]
[jinyongxiaoshuo.com/new_xiakexing/1384.html]
[jinyongxiaoshuo.com/new_xiakexing/1383.html]
[jinyongxiaoshuo.com/new_xiakexing/1382.html]
[jinyongxiaoshuo.com/new_xiakexing/1381.html]
[jinyongxiaoshuo.com/new_xiakexing/1380.html]
[jinyongxiaoshuo.com/new_xiakexing/1379.html]
[jinyongxiaoshuo.com/new_xiakexing/1378.html]
[jinyongxiaoshuo.com/new_xiakexing/1377.html]
[jinyongxiaoshuo.com/new_xiakexing/1376.html]
[jinyongxiaoshuo.com/new_xiakexing/1375.html]
[jinyongxiaoshuo.com/new_xiakexing/1374.html]
[jinyongxiaoshuo.com/new_xiakexing/1373.html]
[jinyongxiaoshuo.com/new_xiakexing/1372.html]
[jinyongxiaoshuo.com/new_xiakexing/1371.html]
[jinyongxiaoshuo.com/new_xiakexing/1370.html]
[jinyongxiaoshuo.com/new_xiakexing/1369.html]
[jinyongxiaoshuo.com/new_xiakexing/1368.html]
[jinyongxiaoshuo.com/new_xiakexing/1367.html]
[jinyongxiaoshuo.com/new_xiakexing/1366.html]
[jinyongxiaoshuo.com/new_xiaoaojianghu/1532.html]
[jinyongxiaoshuo.com/new_xiaoaojianghu/1531.html]
[jinyongxiaoshuo.com/new_xiaoaojianghu/1530.html]
[jinyongxiaoshuo.com/new_xiaoaojianghu/1529.html]
[jinyongxiaoshuo.com/new_xiaoaojianghu/1528.html]
[jinyongxiaoshuo.com/new_xiaoaojianghu/1527.html]
[jinyongxiaoshuo.com/new_xiaoaojianghu/1526.html]
[jinyongxiaoshuo.com/new_xiaoaojianghu/1525.html]
[jinyongxiaoshuo.com/new_xiaoaojianghu/1524.html]
[jinyongxiaoshuo.com/new_xiaoaojianghu/1523.html]
[jinyongxiaoshuo.com/new_xiaoaojianghu/1522.html]
[jinyongxiaoshuo.com/new_xiaoaojianghu/1521.html]
[jinyongxiaoshuo.com/new_xiaoaojianghu/1520.html]
[jinyongxiaoshuo.com/new_xiaoaojianghu/1519.html]
[jinyongxiaoshuo.com/new_xiaoaojianghu/1518.html]
[jinyongxiaoshuo.com/new_xiaoaojianghu/1517.html]
[jinyongxiaoshuo.com/new_xiaoaojianghu/1516.html]
[jinyongxiaoshuo.com/new_xiaoaojianghu/1515.html]
[jinyongxiaoshuo.com/new_xiaoaojianghu/1514.html]
[jinyongxiaoshuo.com/new_xiaoaojianghu/1513.html]
[jinyongxiaoshuo.com/new_xiaoaojianghu/1512.html]
[jinyongxiaoshuo.com/new_xiaoaojianghu/1511.html]
[jinyongxiaoshuo.com/new_xiaoaojianghu/1510.html]
[jinyongxiaoshuo.com/new_xiaoaojianghu/1509.html]
[jinyongxiaoshuo.com/new_xiaoaojianghu/1508.html]
[jinyongxiaoshuo.com/new_xiaoaojianghu/1507.html]
[jinyongxiaoshuo.com/new_xiaoaojianghu/1506.html]
[jinyongxiaoshuo.com/new_xiaoaojianghu/1505.html]
[jinyongxiaoshuo.com/new_xiaoaojianghu/1504.html]
[jinyongxiaoshuo.com/new_xiaoaojianghu/1503.html]
[jinyongxiaoshuo.com/new_xiaoaojianghu/1502.html]
[jinyongxiaoshuo.com/new_xiaoaojianghu/1501.html]
[jinyongxiaoshuo.com/new_xiaoaojianghu/1500.html]
[jinyongxiaoshuo.com/new_xiaoaojianghu/1499.html]
[jinyongxiaoshuo.com/new_xiaoaojianghu/1498.html]
[jinyongxiaoshuo.com/new_xiaoaojianghu/1497.html]
[jinyongxiaoshuo.com/new_xiaoaojianghu/1496.html]
[jinyongxiaoshuo.com/new_xiaoaojianghu/1495.html]
[jinyongxiaoshuo.com/new_xiaoaojianghu/1494.html]
[jinyongxiaoshuo.com/new_xiaoaojianghu/1493.html]
[jinyongxiaoshuo.com/new_xiaoaojianghu/1492.html]
[jinyongxiaoshuo.com/new_ludingji/1625.html]
[jinyongxiaoshuo.com/new_ludingji/1624.html]
[jinyongxiaoshuo.com/new_ludingji/1623.html]
[jinyongxiaoshuo.com/new_ludingji/1622.html]
[jinyongxiaoshuo.com/new_ludingji/1621.html]
[jinyongxiaoshuo.com/new_ludingji/1620.html]
[jinyongxiaoshuo.com/new_ludingji/1619.html]
[jinyongxiaoshuo.com/new_ludingji/1618.html]
[jinyongxiaoshuo.com/new_ludingji/1617.html]
[jinyongxiaoshuo.com/new_ludingji/1616.html]
[jinyongxiaoshuo.com/new_ludingji/1615.html]
[jinyongxiaoshuo.com/new_ludingji/1614.html]
[jinyongxiaoshuo.com/new_ludingji/1613.html]
[jinyongxiaoshuo.com/new_ludingji/1612.html]
[jinyongxiaoshuo.com/new_ludingji/1611.html]
[jinyongxiaoshuo.com/new_ludingji/1610.html]
[jinyongxiaoshuo.com/new_ludingji/1609.html]
[jinyongxiaoshuo.com/new_ludingji/1608.html]
[jinyongxiaoshuo.com/new_ludingji/1607.html]
[jinyongxiaoshuo.com/new_ludingji/1606.html]
[jinyongxiaoshuo.com/new_ludingji/1605.html]
[jinyongxiaoshuo.com/new_ludingji/1604.html]
[jinyongxiaoshuo.com/new_ludingji/1603.html]
[jinyongxiaoshuo.com/new_ludingji/1602.html]
[jinyongxiaoshuo.com/new_ludingji/1601.html]
[jinyongxiaoshuo.com/new_ludingji/1600.html]
[jinyongxiaoshuo.com/new_ludingji/1599.html]
[jinyongxiaoshuo.com/new_ludingji/1598.html]
[jinyongxiaoshuo.com/new_ludingji/1597.html]
[jinyongxiaoshuo.com/new_ludingji/1596.html]
[jinyongxiaoshuo.com/new_ludingji/1595.html]
[jinyongxiaoshuo.com/new_ludingji/1594.html]
[jinyongxiaoshuo.com/new_ludingji/1593.html]
[jinyongxiaoshuo.com/new_ludingji/1592.html]
[jinyongxiaoshuo.com/new_ludingji/1591.html]
[jinyongxiaoshuo.com/new_ludingji/1590.html]
[jinyongxiaoshuo.com/new_ludingji/1589.html]
[jinyongxiaoshuo.com/new_ludingji/1588.html]
[jinyongxiaoshuo.com/new_ludingji/1587.html]
[jinyongxiaoshuo.com/new_ludingji/1586.html]
[jinyongxiaoshuo.com/new_ludingji/1585.html]
[jinyongxiaoshuo.com/new_ludingji/1584.html]
[jinyongxiaoshuo.com/new_ludingji/1583.html]
[jinyongxiaoshuo.com/new_ludingji/1582.html]
[jinyongxiaoshuo.com/new_ludingji/1581.html]
[jinyongxiaoshuo.com/new_ludingji/1580.html]
[jinyongxiaoshuo.com/new_ludingji/1579.html]
[jinyongxiaoshuo.com/new_ludingji/1578.html]
[jinyongxiaoshuo.com/new_ludingji/1577.html]
[jinyongxiaoshuo.com/new_ludingji/1576.html]
[jinyongxiaoshuo.com/new_ludingji/1575.html]
[jinyongxiaoshuo.com/new_ludingji/1574.html]
[jinyongxiaoshuo.com/new_yuenvjian/167.html]
[jinyongxiaoshuo.com/comments-ajax.html]
[jinyongxiaoshuo.com/-ajax.html]
[jinyongxiaoshuo.com/-ajax-2.html]
